07-08-2021 @ 05:01:16 - ---[ New import started at 2021-07-08 09:01:16 ] PHP Memory: 6 GB, WP Memory: 40 MB
07-08-2021 @ 05:01:16 - Preparing for import.
07-08-2021 @ 05:01:16 - Row :1 - Parsing item.
07-08-2021 @ 05:01:16 - Importing as new product ID:2506394
07-08-2021 @ 05:01:16 - Row :1 - Processing item.
07-08-2021 @ 05:01:16 - Found variable product object. ID:2506394
07-08-2021 @ 05:01:16 - Setting Featured Image. URL:https://www.purerelief.com/wp-content/uploads/2021/06/Delta-8-Gummies_Blue-Razz.png
07-08-2021 @ 05:01:29 - Attachment ID:2608020
07-08-2021 @ 05:01:29 - Setting Gallery Images.
07-08-2021 @ 05:01:29 - Image URL:https://www.purerelief.com/wp-content/uploads/2021/06/Delta-8-Gummies_ZaZa.png
07-08-2021 @ 05:01:41 - Attachment ID:2608021
07-08-2021 @ 05:01:41 - Image URL:https://www.purerelief.com/wp-content/uploads/2021/06/Delta-8-Gummies_Watermelon-Tsunami.png
07-08-2021 @ 05:01:53 - Attachment ID:2608022
07-08-2021 @ 05:01:53 - Image URL:https://www.purerelief.com/wp-content/uploads/2021/06/Delta-8-Gummies_Strawberry-Shlushee.png
07-08-2021 @ 05:02:05 - Attachment ID:2608023
07-08-2021 @ 05:02:05 - Image URL:https://www.purerelief.com/wp-content/uploads/2021/06/Delta-8-Gummies_Mango-Punch.png
07-08-2021 @ 05:02:19 - Attachment ID:2608024
07-08-2021 @ 05:02:19 - Image URL:https://www.purerelief.com/wp-content/uploads/2021/07/Delta-8-Gummies_Blue-Razz_Back.png
07-08-2021 @ 05:02:31 - Attachment ID:2608025
07-08-2021 @ 05:02:32 - Row :1 - Product imported successfully.
07-08-2021 @ 05:02:32 - Row :2 - Parsing item.
07-08-2021 @ 05:02:32 - Importing as new product ID:2506518
07-08-2021 @ 05:02:32 - Row :2 - Processing item.
07-08-2021 @ 05:02:32 - Found variation product object. ID:2506518
07-08-2021 @ 05:02:32 - Setting Featured Image. URL:https://www.purerelief.com/wp-content/uploads/2021/06/Delta-8-Gummies_ZaZa.png
07-08-2021 @ 05:02:32 - Attachment ID:2608021
07-08-2021 @ 05:02:32 - Row :2 - Product imported successfully.
07-08-2021 @ 05:02:32 - Row :3 - Parsing item.
07-08-2021 @ 05:02:32 - Importing as new product ID:2506514
07-08-2021 @ 05:02:32 - Row :3 - Processing item.
07-08-2021 @ 05:02:32 - Found variation product object. ID:2506514
07-08-2021 @ 05:02:32 - Setting Featured Image. URL:https://www.purerelief.com/wp-content/uploads/2021/06/Delta-8-Gummies_Blue-Razz.png
07-08-2021 @ 05:02:32 - Attachment ID:2608020
07-08-2021 @ 05:02:32 - Row :3 - Product imported successfully.
07-08-2021 @ 05:02:32 - Row :4 - Parsing item.
07-08-2021 @ 05:02:32 - Importing as new product ID:2506515
07-08-2021 @ 05:02:32 - Row :4 - Processing item.
07-08-2021 @ 05:02:32 - Found variation product object. ID:2506515
07-08-2021 @ 05:02:32 - Setting Featured Image. URL:https://www.purerelief.com/wp-content/uploads/2021/06/Delta-8-Gummies_Mango-Punch.png
07-08-2021 @ 05:02:32 - Attachment ID:2608024
07-08-2021 @ 05:02:32 - Row :4 - Product imported successfully.
07-08-2021 @ 05:02:32 - Row :5 - Parsing item.
07-08-2021 @ 05:02:32 - Importing as new product ID:2506516
07-08-2021 @ 05:02:32 - Row :5 - Processing item.
07-08-2021 @ 05:02:32 - Found variation product object. ID:2506516
07-08-2021 @ 05:02:32 - Setting Featured Image. URL:https://www.purerelief.com/wp-content/uploads/2021/06/Delta-8-Gummies_Strawberry-Shlushee.png
07-08-2021 @ 05:02:32 - Attachment ID:2608023
07-08-2021 @ 05:02:32 - Row :5 - Product imported successfully.
07-08-2021 @ 05:02:32 - Row :6 - Parsing item.
07-08-2021 @ 05:02:33 - Importing as new product ID:2506517
07-08-2021 @ 05:02:33 - Row :6 - Processing item.
07-08-2021 @ 05:02:33 - Found variation product object. ID:2506517
07-08-2021 @ 05:02:33 - Setting Featured Image. URL:https://www.purerelief.com/wp-content/uploads/2021/06/Delta-8-Gummies_Watermelon-Tsunami.png
07-08-2021 @ 05:02:33 - Attachment ID:2608022
07-08-2021 @ 05:02:33 - Row :6 - Product imported successfully.
07-08-2021 @ 05:02:33 - ---[ Import ended at 2021-07-08 09:02:33]---
