06-22-2021 @ 00:36:32 - ---[ New import started at 2021-06-22 04:36:32 ] PHP Memory: 4 GB, WP Memory: 40 MB
06-22-2021 @ 00:36:32 - Preparing for import.
06-22-2021 @ 00:36:32 - Row :1 - Parsing item.
06-22-2021 @ 00:36:32 - Row :1 - Parsing failed. Reason: Product with same ID already exists. ID: 449395
06-22-2021 @ 00:36:32 - Row :2 - Parsing item.
06-22-2021 @ 00:36:32 - Importing as new product ID:1316600
06-22-2021 @ 00:36:32 - Row :2 - Processing item.
06-22-2021 @ 00:36:32 - Found simple product object. ID:1316600
06-22-2021 @ 00:36:32 - Setting Featured Image. URL:https://www.purerelief.com/wp-content/uploads/2021/05/5-pack-raw-hemp-flower-bundle.jpg
06-22-2021 @ 00:36:33 - Attachment ID:1316601
06-22-2021 @ 00:36:33 - Setting Gallery Images.
06-22-2021 @ 00:36:33 - Image URL:https://www.purerelief.com/wp-content/uploads/2021/05/raw-hemp-flower-bundle.png
06-22-2021 @ 00:36:42 - Attachment ID:1316602
06-22-2021 @ 00:36:42 - Image URL:https://www.purerelief.com/wp-content/uploads/2021/05/grind-your-cbd-flower.png
06-22-2021 @ 00:36:47 - Attachment ID:1316603
06-22-2021 @ 00:36:47 - Image URL:https://www.purerelief.com/wp-content/uploads/2021/05/raw-hemp-flower.png
06-22-2021 @ 00:36:52 - Attachment ID:1316604
06-22-2021 @ 00:36:52 - Row :2 - Product imported successfully.
06-22-2021 @ 00:36:52 - Row :3 - Parsing item.
06-22-2021 @ 00:36:52 - Importing as new product ID:1353006
06-22-2021 @ 00:36:52 - Row :3 - Processing item.
06-22-2021 @ 00:36:52 - Found simple product object. ID:1353006
06-22-2021 @ 00:36:52 - Setting Featured Image. URL:https://www.purerelief.com/wp-content/uploads/2021/05/muscle-and-joint-bundle.png
06-22-2021 @ 00:36:55 - Attachment ID:1353007
06-22-2021 @ 00:36:55 - Setting Gallery Images.
06-22-2021 @ 00:36:55 - Image URL:https://www.purerelief.com/wp-content/uploads/2021/05/muscle-and-joint-bundle-back.png
06-22-2021 @ 00:36:58 - Attachment ID:1353008
06-22-2021 @ 00:36:58 - Image URL:https://www.purerelief.com/wp-content/uploads/2021/05/muscle-and-joint-bundle-backs.png
06-22-2021 @ 00:37:01 - Attachment ID:1353009
06-22-2021 @ 00:37:01 - Image URL:https://www.purerelief.com/wp-content/uploads/2021/05/pure-relief-muscle-and-joint-bundle.png
06-22-2021 @ 00:37:12 - Attachment ID:1353010
06-22-2021 @ 00:37:12 - Image URL:https://www.purerelief.com/wp-content/uploads/2021/05/muscle-and-joint-bundle-2500mg.png
06-22-2021 @ 00:37:22 - Attachment ID:1353011
06-22-2021 @ 00:37:22 - Row :3 - Product imported successfully.
06-22-2021 @ 00:37:22 - Row :4 - Parsing item.
06-22-2021 @ 00:37:22 - Importing as new product ID:2025269
06-22-2021 @ 00:37:22 - Row :4 - Processing item.
06-22-2021 @ 00:37:22 - Found simple product object. ID:2025269
06-22-2021 @ 00:37:22 - Setting Featured Image. URL:https://www.purerelief.com/wp-content/uploads/2021/06/PR-Muscle-Salve.jpg
06-22-2021 @ 00:37:23 - Attachment ID:2025270
06-22-2021 @ 00:37:23 - Row :4 - Product imported successfully.
06-22-2021 @ 00:37:23 - Row :5 - Parsing item.
06-22-2021 @ 00:37:23 - Row :5 - Parsing failed. Reason: Basic version does not support import of variable products.
06-22-2021 @ 00:37:23 - Row :6 - Parsing item.
06-22-2021 @ 00:37:23 - Importing as new product ID:2032842
06-22-2021 @ 00:37:23 - Row :6 - Processing item.
06-22-2021 @ 00:37:23 - Found simple product object. ID:2032842
06-22-2021 @ 00:37:23 - Setting Featured Image. URL:https://www.purerelief.com/wp-content/uploads/2021/06/HappyPopsBundle.jpg
06-22-2021 @ 00:37:24 - Attachment ID:2032843
06-22-2021 @ 00:37:24 - Row :6 - Product imported successfully.
06-22-2021 @ 00:37:24 - ---[ Import ended at 2021-06-22 04:37:24]---
