07-02-2021 @ 12:16:56 - ---[ New import started at 2021-07-02 16:16:56 ] PHP Memory: 6 GB, WP Memory: 40 MB
07-02-2021 @ 12:16:56 - Preparing for import.
07-02-2021 @ 12:16:56 - Row :1 - Parsing item.
07-02-2021 @ 12:16:56 - Row :1 - Parsing failed. Reason: Coupon already exists.
07-02-2021 @ 12:16:56 - Row :2 - Parsing item.
07-02-2021 @ 12:16:56 - Row :2 - Parsing failed. Reason: Coupon already exists.
07-02-2021 @ 12:16:56 - Row :3 - Parsing item.
07-02-2021 @ 12:16:56 - Row :3 - Parsing failed. Reason: Coupon already exists.
07-02-2021 @ 12:16:56 - Row :4 - Parsing item.
07-02-2021 @ 12:16:56 - Row :4 - Parsing failed. Reason: Coupon already exists.
07-02-2021 @ 12:16:56 - Row :5 - Parsing item.
07-02-2021 @ 12:16:56 - Row :5 - Parsing failed. Reason: Coupon already exists.
07-02-2021 @ 12:16:56 - Row :6 - Parsing item.
07-02-2021 @ 12:16:56 - Row :6 - Parsing failed. Reason: Coupon already exists.
07-02-2021 @ 12:16:56 - Row :7 - Parsing item.
07-02-2021 @ 12:16:56 - Row :7 - Parsing failed. Reason: Coupon already exists.
07-02-2021 @ 12:16:56 - Row :8 - Parsing item.
07-02-2021 @ 12:16:56 - Row :8 - Parsing failed. Reason: Coupon already exists.
07-02-2021 @ 12:16:56 - Row :9 - Parsing item.
07-02-2021 @ 12:16:56 - Row :9 - Parsing failed. Reason: Coupon already exists.
07-02-2021 @ 12:16:56 - Row :10 - Parsing item.
07-02-2021 @ 12:16:56 - Row :10 - Parsing failed. Reason: Coupon already exists.
07-02-2021 @ 12:16:57 - Preparing for import.
07-02-2021 @ 12:16:57 - Row :11 - Parsing item.
07-02-2021 @ 12:16:57 - Row :11 - Parsing failed. Reason: Coupon already exists.
07-02-2021 @ 12:16:57 - Row :12 - Parsing item.
07-02-2021 @ 12:16:57 - Row :12 - Parsing failed. Reason: Coupon already exists.
07-02-2021 @ 12:16:57 - Row :13 - Parsing item.
07-02-2021 @ 12:16:57 - Row :13 - Parsing failed. Reason: Coupon already exists.
07-02-2021 @ 12:16:57 - Row :14 - Parsing item.
07-02-2021 @ 12:16:57 - Row :14 - Parsing failed. Reason: Coupon already exists.
07-02-2021 @ 12:16:57 - Row :15 - Parsing item.
07-02-2021 @ 12:16:57 - Row :15 - Parsing failed. Reason: Coupon already exists.
07-02-2021 @ 12:16:57 - Row :16 - Parsing item.
07-02-2021 @ 12:16:57 - Row :16 - Parsing failed. Reason: Coupon already exists.
07-02-2021 @ 12:16:57 - Row :17 - Parsing item.
07-02-2021 @ 12:16:57 - Row :17 - Parsing failed. Reason: Coupon already exists.
07-02-2021 @ 12:16:57 - Row :18 - Parsing item.
07-02-2021 @ 12:16:57 - Row :18 - Parsing failed. Reason: Coupon already exists.
07-02-2021 @ 12:16:57 - Row :19 - Parsing item.
07-02-2021 @ 12:16:57 - Row :19 - Parsing failed. Reason: Coupon already exists.
07-02-2021 @ 12:16:57 - Row :20 - Parsing item.
07-02-2021 @ 12:16:57 - Row :20 - Parsing failed. Reason: Coupon already exists.
07-02-2021 @ 12:16:57 - Preparing for import.
07-02-2021 @ 12:16:57 - Row :21 - Parsing item.
07-02-2021 @ 12:16:57 - Row :21 - Parsing failed. Reason: Coupon already exists.
07-02-2021 @ 12:16:57 - Row :22 - Parsing item.
07-02-2021 @ 12:16:57 - Row :22 - Parsing failed. Reason: Coupon already exists.
07-02-2021 @ 12:16:57 - Row :23 - Parsing item.
07-02-2021 @ 12:16:57 - Row :23 - Parsing failed. Reason: Coupon already exists.
07-02-2021 @ 12:16:57 - Row :24 - Parsing item.
07-02-2021 @ 12:16:57 - Row :24 - Parsing failed. Reason: Coupon already exists.
07-02-2021 @ 12:16:57 - Row :25 - Parsing item.
07-02-2021 @ 12:16:57 - Row :25 - Parsing failed. Reason: Coupon already exists.
07-02-2021 @ 12:16:57 - Row :26 - Parsing item.
07-02-2021 @ 12:16:57 - Row :26 - Parsing failed. Reason: Coupon already exists.
07-02-2021 @ 12:16:57 - Row :27 - Parsing item.
07-02-2021 @ 12:16:57 - Row :27 - Parsing failed. Reason: Coupon already exists.
07-02-2021 @ 12:16:57 - Row :28 - Parsing item.
07-02-2021 @ 12:16:57 - Row :28 - Parsing failed. Reason: Coupon already exists.
07-02-2021 @ 12:16:57 - Row :29 - Parsing item.
07-02-2021 @ 12:16:57 - Row :29 - Parsing failed. Reason: Coupon already exists.
07-02-2021 @ 12:16:57 - Row :30 - Parsing item.
07-02-2021 @ 12:16:57 - Row :30 - Parsing failed. Reason: Coupon already exists.
07-02-2021 @ 12:16:58 - Preparing for import.
07-02-2021 @ 12:16:58 - Row :31 - Parsing item.
07-02-2021 @ 12:16:58 - Row :31 - Parsing failed. Reason: Coupon already exists.
07-02-2021 @ 12:16:58 - Row :32 - Parsing item.
07-02-2021 @ 12:16:58 - Row :32 - Parsing failed. Reason: Coupon already exists.
07-02-2021 @ 12:16:58 - Row :33 - Parsing item.
07-02-2021 @ 12:16:58 - Row :33 - Parsing failed. Reason: Coupon already exists.
07-02-2021 @ 12:16:58 - Row :34 - Parsing item.
07-02-2021 @ 12:16:58 - Row :34 - Parsing failed. Reason: Coupon already exists.
07-02-2021 @ 12:16:58 - Row :35 - Parsing item.
07-02-2021 @ 12:16:58 - Row :35 - Parsing failed. Reason: Coupon already exists.
07-02-2021 @ 12:16:58 - Row :36 - Parsing item.
07-02-2021 @ 12:16:58 - Row :36 - Parsing failed. Reason: Coupon already exists.
07-02-2021 @ 12:16:58 - Row :37 - Parsing item.
07-02-2021 @ 12:16:58 - Row :37 - Parsing failed. Reason: Coupon already exists.
07-02-2021 @ 12:16:58 - Row :38 - Parsing item.
07-02-2021 @ 12:16:58 - Row :38 - Parsing failed. Reason: Coupon already exists.
07-02-2021 @ 12:16:58 - Row :39 - Parsing item.
07-02-2021 @ 12:16:58 - Row :39 - Parsing failed. Reason: Coupon already exists.
07-02-2021 @ 12:16:58 - Row :40 - Parsing item.
07-02-2021 @ 12:16:58 - Row :40 - Parsing failed. Reason: Coupon already exists.
07-02-2021 @ 12:16:59 - Preparing for import.
07-02-2021 @ 12:16:59 - Row :41 - Parsing item.
07-02-2021 @ 12:16:59 - Row :41 - Parsing failed. Reason: Coupon already exists.
07-02-2021 @ 12:16:59 - Row :42 - Parsing item.
07-02-2021 @ 12:16:59 - Row :42 - Parsing failed. Reason: Coupon already exists.
07-02-2021 @ 12:16:59 - Row :43 - Parsing item.
07-02-2021 @ 12:16:59 - Row :43 - Parsing failed. Reason: Coupon already exists.
07-02-2021 @ 12:16:59 - Row :44 - Parsing item.
07-02-2021 @ 12:16:59 - Row :44 - Parsing failed. Reason: Coupon already exists.
07-02-2021 @ 12:16:59 - Row :45 - Parsing item.
07-02-2021 @ 12:16:59 - Row :45 - Parsing failed. Reason: Coupon already exists.
07-02-2021 @ 12:16:59 - Row :46 - Parsing item.
07-02-2021 @ 12:16:59 - Row :46 - Parsing failed. Reason: Coupon already exists.
07-02-2021 @ 12:16:59 - Row :47 - Parsing item.
07-02-2021 @ 12:16:59 - Row :47 - Parsing failed. Reason: Coupon already exists.
07-02-2021 @ 12:16:59 - Row :48 - Parsing item.
07-02-2021 @ 12:16:59 - Row :48 - Parsing failed. Reason: Coupon already exists.
07-02-2021 @ 12:16:59 - Row :49 - Parsing item.
07-02-2021 @ 12:16:59 - Row :49 - Parsing failed. Reason: Coupon already exists.
07-02-2021 @ 12:16:59 - Row :50 - Parsing item.
07-02-2021 @ 12:16:59 - Row :50 - Parsing failed. Reason: Coupon already exists.
07-02-2021 @ 12:16:59 - Preparing for import.
07-02-2021 @ 12:16:59 - Row :51 - Parsing item.
07-02-2021 @ 12:16:59 - Row :51 - Parsing failed. Reason: Coupon already exists.
07-02-2021 @ 12:16:59 - Row :52 - Parsing item.
07-02-2021 @ 12:16:59 - Row :52 - Parsing failed. Reason: Coupon already exists.
07-02-2021 @ 12:16:59 - Row :53 - Parsing item.
07-02-2021 @ 12:16:59 - Row :53 - Parsing failed. Reason: Coupon already exists.
07-02-2021 @ 12:16:59 - Row :54 - Parsing item.
07-02-2021 @ 12:16:59 - Row :54 - Parsing failed. Reason: Coupon already exists.
07-02-2021 @ 12:16:59 - Row :55 - Parsing item.
07-02-2021 @ 12:16:59 - Row :55 - Parsing failed. Reason: Coupon already exists.
07-02-2021 @ 12:16:59 - Row :56 - Parsing item.
07-02-2021 @ 12:16:59 - Row :56 - Parsing failed. Reason: Coupon already exists.
07-02-2021 @ 12:16:59 - Row :57 - Parsing item.
07-02-2021 @ 12:16:59 - Row :57 - Parsing failed. Reason: Coupon already exists.
07-02-2021 @ 12:16:59 - Row :58 - Parsing item.
07-02-2021 @ 12:16:59 - Row :58 - Parsing failed. Reason: Coupon already exists.
07-02-2021 @ 12:16:59 - Row :59 - Parsing item.
07-02-2021 @ 12:16:59 - Row :59 - Parsing failed. Reason: Coupon already exists.
07-02-2021 @ 12:16:59 - Row :60 - Parsing item.
07-02-2021 @ 12:16:59 - Row :60 - Parsing failed. Reason: Coupon already exists.
07-02-2021 @ 12:17:00 - Preparing for import.
07-02-2021 @ 12:17:00 - Row :61 - Parsing item.
07-02-2021 @ 12:17:00 - Row :61 - Parsing failed. Reason: Coupon already exists.
07-02-2021 @ 12:17:00 - Row :62 - Parsing item.
07-02-2021 @ 12:17:00 - Row :62 - Parsing failed. Reason: Coupon already exists.
07-02-2021 @ 12:17:00 - Row :63 - Parsing item.
07-02-2021 @ 12:17:00 - Row :63 - Parsing failed. Reason: Coupon already exists.
07-02-2021 @ 12:17:00 - Row :64 - Parsing item.
07-02-2021 @ 12:17:00 - Row :64 - Parsing failed. Reason: Coupon already exists.
07-02-2021 @ 12:17:00 - Row :65 - Parsing item.
07-02-2021 @ 12:17:00 - Row :65 - Parsing failed. Reason: Coupon already exists.
07-02-2021 @ 12:17:00 - Row :66 - Parsing item.
07-02-2021 @ 12:17:00 - Row :66 - Parsing failed. Reason: Coupon already exists.
07-02-2021 @ 12:17:00 - Row :67 - Parsing item.
07-02-2021 @ 12:17:00 - Row :67 - Parsing failed. Reason: Coupon already exists.
07-02-2021 @ 12:17:00 - Row :68 - Parsing item.
07-02-2021 @ 12:17:00 - Row :68 - Parsing failed. Reason: Coupon already exists.
07-02-2021 @ 12:17:00 - Row :69 - Parsing item.
07-02-2021 @ 12:17:00 - Row :69 - Parsing failed. Reason: Coupon already exists.
07-02-2021 @ 12:17:00 - Row :70 - Parsing item.
07-02-2021 @ 12:17:00 - Row :70 - Parsing failed. Reason: Coupon already exists.
07-02-2021 @ 12:17:00 - Preparing for import.
07-02-2021 @ 12:17:00 - Row :71 - Parsing item.
07-02-2021 @ 12:17:00 - Row :71 - Parsing failed. Reason: Coupon already exists.
07-02-2021 @ 12:17:00 - Row :72 - Parsing item.
07-02-2021 @ 12:17:00 - Row :72 - Parsing failed. Reason: Coupon already exists.
07-02-2021 @ 12:17:00 - Row :73 - Parsing item.
07-02-2021 @ 12:17:00 - Row :73 - Parsing failed. Reason: Coupon already exists.
07-02-2021 @ 12:17:00 - Row :74 - Parsing item.
07-02-2021 @ 12:17:00 - Row :74 - Parsing failed. Reason: Coupon already exists.
07-02-2021 @ 12:17:00 - Row :75 - Parsing item.
07-02-2021 @ 12:17:00 - Row :75 - Parsing failed. Reason: Coupon already exists.
07-02-2021 @ 12:17:00 - Row :76 - Parsing item.
07-02-2021 @ 12:17:00 - Row :76 - Parsing failed. Reason: Coupon already exists.
07-02-2021 @ 12:17:00 - Row :77 - Parsing item.
07-02-2021 @ 12:17:00 - Row :77 - Parsing failed. Reason: Coupon already exists.
07-02-2021 @ 12:17:00 - Row :78 - Parsing item.
07-02-2021 @ 12:17:00 - Row :78 - Parsing failed. Reason: Coupon already exists.
07-02-2021 @ 12:17:00 - Row :79 - Parsing item.
07-02-2021 @ 12:17:00 - Row :79 - Parsing failed. Reason: Coupon already exists.
07-02-2021 @ 12:17:00 - Row :80 - Parsing item.
07-02-2021 @ 12:17:00 - Row :80 - Parsing failed. Reason: Coupon already exists.
07-02-2021 @ 12:17:01 - Preparing for import.
07-02-2021 @ 12:17:01 - Row :81 - Parsing item.
07-02-2021 @ 12:17:01 - Row :81 - Parsing failed. Reason: Coupon already exists.
07-02-2021 @ 12:17:01 - Row :82 - Parsing item.
07-02-2021 @ 12:17:01 - Row :82 - Parsing failed. Reason: Coupon already exists.
07-02-2021 @ 12:17:01 - Row :83 - Parsing item.
07-02-2021 @ 12:17:01 - Row :83 - Parsing failed. Reason: Coupon already exists.
07-02-2021 @ 12:17:01 - Row :84 - Parsing item.
07-02-2021 @ 12:17:01 - Row :84 - Parsing failed. Reason: Coupon already exists.
07-02-2021 @ 12:17:01 - Row :85 - Parsing item.
07-02-2021 @ 12:17:01 - Row :85 - Parsing failed. Reason: Coupon already exists.
07-02-2021 @ 12:17:01 - Row :86 - Parsing item.
07-02-2021 @ 12:17:01 - Row :86 - Parsing failed. Reason: Coupon already exists.
07-02-2021 @ 12:17:01 - Row :87 - Parsing item.
07-02-2021 @ 12:17:01 - Row :87 - Parsing failed. Reason: Coupon already exists.
07-02-2021 @ 12:17:01 - Row :88 - Parsing item.
07-02-2021 @ 12:17:01 - Row :88 - Parsing failed. Reason: Coupon already exists.
07-02-2021 @ 12:17:01 - Row :89 - Parsing item.
07-02-2021 @ 12:17:01 - Row :89 - Parsing failed. Reason: Coupon already exists.
07-02-2021 @ 12:17:01 - Row :90 - Parsing item.
07-02-2021 @ 12:17:01 - Row :90 - Parsing failed. Reason: Coupon already exists.
07-02-2021 @ 12:17:02 - Preparing for import.
07-02-2021 @ 12:17:02 - Row :91 - Parsing item.
07-02-2021 @ 12:17:02 - Row :91 - Parsing failed. Reason: Coupon already exists.
07-02-2021 @ 12:17:02 - Row :92 - Parsing item.
07-02-2021 @ 12:17:02 - Row :92 - Parsing failed. Reason: Coupon already exists.
07-02-2021 @ 12:17:02 - Row :93 - Parsing item.
07-02-2021 @ 12:17:02 - Row :93 - Parsing failed. Reason: Coupon already exists.
07-02-2021 @ 12:17:02 - Row :94 - Parsing item.
07-02-2021 @ 12:17:02 - Row :94 - Parsing failed. Reason: Coupon already exists.
07-02-2021 @ 12:17:02 - Row :95 - Parsing item.
07-02-2021 @ 12:17:02 - Row :95 - Parsing failed. Reason: Coupon already exists.
07-02-2021 @ 12:17:02 - Row :96 - Parsing item.
07-02-2021 @ 12:17:02 - Row :96 - Parsing failed. Reason: Coupon already exists.
07-02-2021 @ 12:17:02 - Row :97 - Parsing item.
07-02-2021 @ 12:17:02 - Row :97 - Parsing failed. Reason: Coupon already exists.
07-02-2021 @ 12:17:02 - Row :98 - Parsing item.
07-02-2021 @ 12:17:02 - Row :98 - Parsing failed. Reason: Coupon already exists.
07-02-2021 @ 12:17:02 - Row :99 - Parsing item.
07-02-2021 @ 12:17:02 - Row :99 - Parsing failed. Reason: Coupon already exists.
07-02-2021 @ 12:17:02 - Row :100 - Parsing item.
07-02-2021 @ 12:17:02 - Row :100 - Parsing failed. Reason: Coupon already exists.
07-02-2021 @ 12:17:03 - Preparing for import.
07-02-2021 @ 12:17:03 - Row :101 - Parsing item.
07-02-2021 @ 12:17:03 - Row :101 - Parsing failed. Reason: Coupon already exists.
07-02-2021 @ 12:17:03 - Row :102 - Parsing item.
07-02-2021 @ 12:17:03 - Row :102 - Parsing failed. Reason: Coupon already exists.
07-02-2021 @ 12:17:03 - Row :103 - Parsing item.
07-02-2021 @ 12:17:03 - Row :103 - Parsing failed. Reason: Coupon already exists.
07-02-2021 @ 12:17:03 - Row :104 - Parsing item.
07-02-2021 @ 12:17:03 - Row :104 - Parsing failed. Reason: Coupon already exists.
07-02-2021 @ 12:17:03 - Row :105 - Parsing item.
07-02-2021 @ 12:17:03 - Row :105 - Parsing failed. Reason: Coupon already exists.
07-02-2021 @ 12:17:03 - Row :106 - Parsing item.
07-02-2021 @ 12:17:03 - Row :106 - Parsing failed. Reason: Coupon already exists.
07-02-2021 @ 12:17:03 - Row :107 - Parsing item.
07-02-2021 @ 12:17:03 - Row :107 - Parsing failed. Reason: Coupon already exists.
07-02-2021 @ 12:17:03 - Row :108 - Parsing item.
07-02-2021 @ 12:17:03 - Row :108 - Parsing failed. Reason: Coupon already exists.
07-02-2021 @ 12:17:03 - Row :109 - Parsing item.
07-02-2021 @ 12:17:03 - Row :109 - Parsing failed. Reason: Coupon already exists.
07-02-2021 @ 12:17:03 - Row :110 - Parsing item.
07-02-2021 @ 12:17:03 - Row :110 - Parsing failed. Reason: Coupon already exists.
07-02-2021 @ 12:17:04 - Preparing for import.
07-02-2021 @ 12:17:04 - Row :111 - Parsing item.
07-02-2021 @ 12:17:04 - Row :111 - Parsing failed. Reason: Coupon already exists.
07-02-2021 @ 12:17:04 - Row :112 - Parsing item.
07-02-2021 @ 12:17:04 - Row :112 - Parsing failed. Reason: Coupon already exists.
07-02-2021 @ 12:17:04 - Row :113 - Parsing item.
07-02-2021 @ 12:17:04 - Row :113 - Parsing failed. Reason: Coupon already exists.
07-02-2021 @ 12:17:04 - Row :114 - Parsing item.
07-02-2021 @ 12:17:04 - Row :114 - Parsing failed. Reason: Coupon already exists.
07-02-2021 @ 12:17:04 - Row :115 - Parsing item.
07-02-2021 @ 12:17:04 - Row :115 - Parsing failed. Reason: Coupon already exists.
07-02-2021 @ 12:17:04 - Row :116 - Parsing item.
07-02-2021 @ 12:17:04 - Row :116 - Parsing failed. Reason: Coupon already exists.
07-02-2021 @ 12:17:04 - Row :117 - Parsing item.
07-02-2021 @ 12:17:04 - Row :117 - Parsing failed. Reason: Coupon already exists.
07-02-2021 @ 12:17:04 - Row :118 - Parsing item.
07-02-2021 @ 12:17:04 - Row :118 - Parsing failed. Reason: Coupon already exists.
07-02-2021 @ 12:17:04 - Row :119 - Parsing item.
07-02-2021 @ 12:17:04 - Row :119 - Parsing failed. Reason: Coupon already exists.
07-02-2021 @ 12:17:04 - Row :120 - Parsing item.
07-02-2021 @ 12:17:04 - Row :120 - Parsing failed. Reason: Coupon already exists.
07-02-2021 @ 12:17:04 - Preparing for import.
07-02-2021 @ 12:17:04 - Row :121 - Parsing item.
07-02-2021 @ 12:17:04 - Row :121 - Parsing failed. Reason: Coupon already exists.
07-02-2021 @ 12:17:04 - Row :122 - Parsing item.
07-02-2021 @ 12:17:04 - Row :122 - Parsing failed. Reason: Coupon already exists.
07-02-2021 @ 12:17:04 - Row :123 - Parsing item.
07-02-2021 @ 12:17:04 - Row :123 - Parsing failed. Reason: Coupon already exists.
07-02-2021 @ 12:17:04 - Row :124 - Parsing item.
07-02-2021 @ 12:17:04 - Row :124 - Parsing failed. Reason: Coupon already exists.
07-02-2021 @ 12:17:04 - Row :125 - Parsing item.
07-02-2021 @ 12:17:04 - Row :125 - Parsing failed. Reason: Coupon already exists.
07-02-2021 @ 12:17:04 - Row :126 - Parsing item.
07-02-2021 @ 12:17:04 - Row :126 - Parsing failed. Reason: Coupon already exists.
07-02-2021 @ 12:17:04 - Row :127 - Parsing item.
07-02-2021 @ 12:17:04 - Row :127 - Parsing failed. Reason: Coupon already exists.
07-02-2021 @ 12:17:04 - Row :128 - Parsing item.
07-02-2021 @ 12:17:04 - Row :128 - Parsing failed. Reason: Coupon already exists.
07-02-2021 @ 12:17:04 - Row :129 - Parsing item.
07-02-2021 @ 12:17:04 - Row :129 - Parsing failed. Reason: Coupon already exists.
07-02-2021 @ 12:17:04 - Row :130 - Parsing item.
07-02-2021 @ 12:17:04 - Row :130 - Parsing failed. Reason: Coupon already exists.
07-02-2021 @ 12:17:05 - Preparing for import.
07-02-2021 @ 12:17:05 - Row :131 - Parsing item.
07-02-2021 @ 12:17:05 - Row :131 - Parsing failed. Reason: Coupon already exists.
07-02-2021 @ 12:17:05 - Row :132 - Parsing item.
07-02-2021 @ 12:17:05 - Row :132 - Parsing failed. Reason: Coupon already exists.
07-02-2021 @ 12:17:05 - Row :133 - Parsing item.
07-02-2021 @ 12:17:05 - Row :133 - Parsing failed. Reason: Coupon already exists.
07-02-2021 @ 12:17:05 - Row :134 - Parsing item.
07-02-2021 @ 12:17:05 - Row :134 - Parsing failed. Reason: Coupon already exists.
07-02-2021 @ 12:17:05 - Row :135 - Parsing item.
07-02-2021 @ 12:17:05 - Row :135 - Parsing failed. Reason: Coupon already exists.
07-02-2021 @ 12:17:05 - Row :136 - Parsing item.
07-02-2021 @ 12:17:05 - Row :136 - Parsing failed. Reason: Coupon already exists.
07-02-2021 @ 12:17:05 - Row :137 - Parsing item.
07-02-2021 @ 12:17:05 - Row :137 - Parsing failed. Reason: Coupon already exists.
07-02-2021 @ 12:17:05 - Row :138 - Parsing item.
07-02-2021 @ 12:17:05 - Row :138 - Parsing failed. Reason: Coupon already exists.
07-02-2021 @ 12:17:05 - Row :139 - Parsing item.
07-02-2021 @ 12:17:05 - Row :139 - Parsing failed. Reason: Coupon already exists.
07-02-2021 @ 12:17:05 - Row :140 - Parsing item.
07-02-2021 @ 12:17:05 - Row :140 - Parsing failed. Reason: Coupon already exists.
07-02-2021 @ 12:17:06 - Preparing for import.
07-02-2021 @ 12:17:06 - Row :141 - Parsing item.
07-02-2021 @ 12:17:06 - Row :141 - Parsing failed. Reason: Coupon already exists.
07-02-2021 @ 12:17:06 - Row :142 - Parsing item.
07-02-2021 @ 12:17:06 - Row :142 - Parsing failed. Reason: Coupon already exists.
07-02-2021 @ 12:17:06 - Row :143 - Parsing item.
07-02-2021 @ 12:17:06 - Row :143 - Parsing failed. Reason: Coupon already exists.
07-02-2021 @ 12:17:06 - Row :144 - Parsing item.
07-02-2021 @ 12:17:06 - Row :144 - Parsing failed. Reason: Coupon already exists.
07-02-2021 @ 12:17:06 - Row :145 - Parsing item.
07-02-2021 @ 12:17:06 - Row :145 - Parsing failed. Reason: Coupon already exists.
07-02-2021 @ 12:17:06 - Row :146 - Parsing item.
07-02-2021 @ 12:17:06 - Row :146 - Parsing failed. Reason: Coupon already exists.
07-02-2021 @ 12:17:06 - Row :147 - Parsing item.
07-02-2021 @ 12:17:06 - Row :147 - Parsing failed. Reason: Coupon already exists.
07-02-2021 @ 12:17:06 - Row :148 - Parsing item.
07-02-2021 @ 12:17:06 - Row :148 - Parsing failed. Reason: Coupon already exists.
07-02-2021 @ 12:17:06 - Row :149 - Parsing item.
07-02-2021 @ 12:17:06 - Row :149 - Parsing failed. Reason: Coupon already exists.
07-02-2021 @ 12:17:06 - Row :150 - Parsing item.
07-02-2021 @ 12:17:06 - Row :150 - Parsing failed. Reason: Coupon already exists.
07-02-2021 @ 12:17:06 - Preparing for import.
07-02-2021 @ 12:17:06 - Row :151 - Parsing item.
07-02-2021 @ 12:17:06 - Row :151 - Parsing failed. Reason: Coupon already exists.
07-02-2021 @ 12:17:06 - Row :152 - Parsing item.
07-02-2021 @ 12:17:06 - Row :152 - Parsing failed. Reason: Coupon already exists.
07-02-2021 @ 12:17:06 - Row :153 - Parsing item.
07-02-2021 @ 12:17:06 - Row :153 - Parsing failed. Reason: Coupon already exists.
07-02-2021 @ 12:17:06 - Row :154 - Parsing item.
07-02-2021 @ 12:17:06 - Row :154 - Parsing failed. Reason: Coupon already exists.
07-02-2021 @ 12:17:06 - Row :155 - Parsing item.
07-02-2021 @ 12:17:06 - Row :155 - Parsing failed. Reason: Coupon already exists.
07-02-2021 @ 12:17:06 - Row :156 - Parsing item.
07-02-2021 @ 12:17:06 - Row :156 - Parsing failed. Reason: Coupon already exists.
07-02-2021 @ 12:17:06 - Row :157 - Parsing item.
07-02-2021 @ 12:17:06 - Row :157 - Parsing failed. Reason: Coupon already exists.
07-02-2021 @ 12:17:06 - Row :158 - Parsing item.
07-02-2021 @ 12:17:06 - Row :158 - Parsing failed. Reason: Coupon already exists.
07-02-2021 @ 12:17:06 - Row :159 - Parsing item.
07-02-2021 @ 12:17:06 - Row :159 - Parsing failed. Reason: Coupon already exists.
07-02-2021 @ 12:17:06 - Row :160 - Parsing item.
07-02-2021 @ 12:17:06 - Row :160 - Parsing failed. Reason: Coupon already exists.
07-02-2021 @ 12:17:07 - Preparing for import.
07-02-2021 @ 12:17:07 - Row :161 - Parsing item.
07-02-2021 @ 12:17:07 - Row :161 - Parsing failed. Reason: Coupon already exists.
07-02-2021 @ 12:17:07 - Row :162 - Parsing item.
07-02-2021 @ 12:17:07 - Row :162 - Parsing failed. Reason: Coupon already exists.
07-02-2021 @ 12:17:07 - Row :163 - Parsing item.
07-02-2021 @ 12:17:07 - Row :163 - Parsing failed. Reason: Coupon already exists.
07-02-2021 @ 12:17:07 - Row :164 - Parsing item.
07-02-2021 @ 12:17:07 - Row :164 - Parsing failed. Reason: Coupon already exists.
07-02-2021 @ 12:17:07 - Row :165 - Parsing item.
07-02-2021 @ 12:17:07 - Row :165 - Parsing failed. Reason: Coupon already exists.
07-02-2021 @ 12:17:07 - Row :166 - Parsing item.
07-02-2021 @ 12:17:07 - Row :166 - Parsing failed. Reason: Coupon already exists.
07-02-2021 @ 12:17:07 - Row :167 - Parsing item.
07-02-2021 @ 12:17:07 - Row :167 - Parsing failed. Reason: Coupon already exists.
07-02-2021 @ 12:17:07 - Row :168 - Parsing item.
07-02-2021 @ 12:17:07 - Row :168 - Parsing failed. Reason: Coupon already exists.
07-02-2021 @ 12:17:07 - Row :169 - Parsing item.
07-02-2021 @ 12:17:07 - Row :169 - Parsing failed. Reason: Coupon already exists.
07-02-2021 @ 12:17:07 - Row :170 - Parsing item.
07-02-2021 @ 12:17:07 - Row :170 - Parsing failed. Reason: Coupon already exists.
07-02-2021 @ 12:17:08 - Preparing for import.
07-02-2021 @ 12:17:08 - Row :171 - Parsing item.
07-02-2021 @ 12:17:08 - Row :171 - Parsing failed. Reason: Coupon already exists.
07-02-2021 @ 12:17:08 - Row :172 - Parsing item.
07-02-2021 @ 12:17:08 - Row :172 - Parsing failed. Reason: Coupon already exists.
07-02-2021 @ 12:17:08 - Row :173 - Parsing item.
07-02-2021 @ 12:17:08 - Row :173 - Parsing failed. Reason: Coupon already exists.
07-02-2021 @ 12:17:08 - Row :174 - Parsing item.
07-02-2021 @ 12:17:08 - Row :174 - Parsing failed. Reason: Coupon already exists.
07-02-2021 @ 12:17:08 - Row :175 - Parsing item.
07-02-2021 @ 12:17:08 - Row :175 - Parsing failed. Reason: Coupon already exists.
07-02-2021 @ 12:17:08 - Row :176 - Parsing item.
07-02-2021 @ 12:17:08 - Row :176 - Parsing failed. Reason: Coupon already exists.
07-02-2021 @ 12:17:08 - Row :177 - Parsing item.
07-02-2021 @ 12:17:08 - Row :177 - Parsing failed. Reason: Coupon already exists.
07-02-2021 @ 12:17:08 - Row :178 - Parsing item.
07-02-2021 @ 12:17:08 - Row :178 - Parsing failed. Reason: Coupon already exists.
07-02-2021 @ 12:17:08 - Row :179 - Parsing item.
07-02-2021 @ 12:17:08 - Row :179 - Parsing failed. Reason: Coupon already exists.
07-02-2021 @ 12:17:08 - Row :180 - Parsing item.
07-02-2021 @ 12:17:08 - Row :180 - Parsing failed. Reason: Coupon already exists.
07-02-2021 @ 12:17:08 - Preparing for import.
07-02-2021 @ 12:17:08 - Row :181 - Parsing item.
07-02-2021 @ 12:17:08 - Row :181 - Parsing failed. Reason: Coupon already exists.
07-02-2021 @ 12:17:08 - Row :182 - Parsing item.
07-02-2021 @ 12:17:08 - Row :182 - Parsing failed. Reason: Coupon already exists.
07-02-2021 @ 12:17:08 - Row :183 - Parsing item.
07-02-2021 @ 12:17:08 - Row :183 - Parsing failed. Reason: Coupon already exists.
07-02-2021 @ 12:17:08 - Row :184 - Parsing item.
07-02-2021 @ 12:17:08 - Row :184 - Parsing failed. Reason: Coupon already exists.
07-02-2021 @ 12:17:08 - Row :185 - Parsing item.
07-02-2021 @ 12:17:08 - Row :185 - Parsing failed. Reason: Coupon already exists.
07-02-2021 @ 12:17:08 - Row :186 - Parsing item.
07-02-2021 @ 12:17:08 - Row :186 - Parsing failed. Reason: Coupon already exists.
07-02-2021 @ 12:17:08 - Row :187 - Parsing item.
07-02-2021 @ 12:17:08 - Row :187 - Parsing failed. Reason: Coupon already exists.
07-02-2021 @ 12:17:08 - Row :188 - Parsing item.
07-02-2021 @ 12:17:08 - Row :188 - Parsing failed. Reason: Coupon already exists.
07-02-2021 @ 12:17:08 - Row :189 - Parsing item.
07-02-2021 @ 12:17:08 - Row :189 - Parsing failed. Reason: Coupon already exists.
07-02-2021 @ 12:17:08 - Row :190 - Parsing item.
07-02-2021 @ 12:17:08 - Row :190 - Parsing failed. Reason: Coupon already exists.
07-02-2021 @ 12:17:09 - Preparing for import.
07-02-2021 @ 12:17:09 - Row :191 - Parsing item.
07-02-2021 @ 12:17:09 - Row :191 - Parsing failed. Reason: Coupon already exists.
07-02-2021 @ 12:17:09 - Row :192 - Parsing item.
07-02-2021 @ 12:17:09 - Row :192 - Parsing failed. Reason: Coupon already exists.
07-02-2021 @ 12:17:09 - Row :193 - Parsing item.
07-02-2021 @ 12:17:09 - Row :193 - Parsing failed. Reason: Coupon already exists.
07-02-2021 @ 12:17:09 - Row :194 - Parsing item.
07-02-2021 @ 12:17:09 - Row :194 - Parsing failed. Reason: Coupon already exists.
07-02-2021 @ 12:17:09 - Row :195 - Parsing item.
07-02-2021 @ 12:17:09 - Row :195 - Parsing failed. Reason: Coupon already exists.
07-02-2021 @ 12:17:09 - Row :196 - Parsing item.
07-02-2021 @ 12:17:09 - Row :196 - Parsing failed. Reason: Coupon already exists.
07-02-2021 @ 12:17:09 - Row :197 - Parsing item.
07-02-2021 @ 12:17:09 - Row :197 - Parsing failed. Reason: Coupon already exists.
07-02-2021 @ 12:17:09 - Row :198 - Parsing item.
07-02-2021 @ 12:17:09 - Row :198 - Parsing failed. Reason: Coupon already exists.
07-02-2021 @ 12:17:09 - Row :199 - Parsing item.
07-02-2021 @ 12:17:09 - Row :199 - Parsing failed. Reason: Coupon already exists.
07-02-2021 @ 12:17:09 - Row :200 - Parsing item.
07-02-2021 @ 12:17:09 - Row :200 - Parsing failed. Reason: Coupon already exists.
07-02-2021 @ 12:17:10 - Preparing for import.
07-02-2021 @ 12:17:10 - Row :201 - Parsing item.
07-02-2021 @ 12:17:10 - Row :201 - Parsing failed. Reason: Coupon already exists.
07-02-2021 @ 12:17:10 - Row :202 - Parsing item.
07-02-2021 @ 12:17:10 - Row :202 - Parsing failed. Reason: Coupon already exists.
07-02-2021 @ 12:17:10 - Row :203 - Parsing item.
07-02-2021 @ 12:17:10 - Row :203 - Parsing failed. Reason: Coupon already exists.
07-02-2021 @ 12:17:10 - Row :204 - Parsing item.
07-02-2021 @ 12:17:10 - Row :204 - Parsing failed. Reason: Coupon already exists.
07-02-2021 @ 12:17:10 - Row :205 - Parsing item.
07-02-2021 @ 12:17:10 - Row :205 - Parsing failed. Reason: Coupon already exists.
07-02-2021 @ 12:17:10 - Row :206 - Parsing item.
07-02-2021 @ 12:17:10 - Row :206 - Parsing failed. Reason: Coupon already exists.
07-02-2021 @ 12:17:10 - Row :207 - Parsing item.
07-02-2021 @ 12:17:10 - Row :207 - Parsing failed. Reason: Coupon already exists.
07-02-2021 @ 12:17:10 - Row :208 - Parsing item.
07-02-2021 @ 12:17:10 - Row :208 - Parsing failed. Reason: Coupon already exists.
07-02-2021 @ 12:17:10 - Row :209 - Parsing item.
07-02-2021 @ 12:17:10 - Row :209 - Parsing failed. Reason: Coupon already exists.
07-02-2021 @ 12:17:10 - Row :210 - Parsing item.
07-02-2021 @ 12:17:10 - Row :210 - Parsing failed. Reason: Coupon already exists.
07-02-2021 @ 12:17:10 - Preparing for import.
07-02-2021 @ 12:17:10 - Row :211 - Parsing item.
07-02-2021 @ 12:17:10 - Row :211 - Parsing failed. Reason: Coupon already exists.
07-02-2021 @ 12:17:10 - Row :212 - Parsing item.
07-02-2021 @ 12:17:10 - Row :212 - Parsing failed. Reason: Coupon already exists.
07-02-2021 @ 12:17:10 - Row :213 - Parsing item.
07-02-2021 @ 12:17:10 - Row :213 - Parsing failed. Reason: Coupon already exists.
07-02-2021 @ 12:17:10 - Row :214 - Parsing item.
07-02-2021 @ 12:17:10 - Row :214 - Parsing failed. Reason: Coupon already exists.
07-02-2021 @ 12:17:10 - Row :215 - Parsing item.
07-02-2021 @ 12:17:10 - Row :215 - Parsing failed. Reason: Coupon already exists.
07-02-2021 @ 12:17:10 - Row :216 - Parsing item.
07-02-2021 @ 12:17:10 - Row :216 - Parsing failed. Reason: Coupon already exists.
07-02-2021 @ 12:17:10 - Row :217 - Parsing item.
07-02-2021 @ 12:17:10 - Row :217 - Parsing failed. Reason: Coupon already exists.
07-02-2021 @ 12:17:10 - Row :218 - Parsing item.
07-02-2021 @ 12:17:10 - Row :218 - Parsing failed. Reason: Coupon already exists.
07-02-2021 @ 12:17:10 - Row :219 - Parsing item.
07-02-2021 @ 12:17:10 - Row :219 - Parsing failed. Reason: Coupon already exists.
07-02-2021 @ 12:17:10 - Row :220 - Parsing item.
07-02-2021 @ 12:17:10 - Row :220 - Parsing failed. Reason: Coupon already exists.
07-02-2021 @ 12:17:11 - Preparing for import.
07-02-2021 @ 12:17:11 - Row :221 - Parsing item.
07-02-2021 @ 12:17:11 - Row :221 - Parsing failed. Reason: Coupon already exists.
07-02-2021 @ 12:17:11 - Row :222 - Parsing item.
07-02-2021 @ 12:17:11 - Row :222 - Parsing failed. Reason: Coupon already exists.
07-02-2021 @ 12:17:11 - Row :223 - Parsing item.
07-02-2021 @ 12:17:11 - Row :223 - Parsing failed. Reason: Coupon already exists.
07-02-2021 @ 12:17:11 - Row :224 - Parsing item.
07-02-2021 @ 12:17:11 - Row :224 - Parsing failed. Reason: Coupon already exists.
07-02-2021 @ 12:17:11 - Row :225 - Parsing item.
07-02-2021 @ 12:17:11 - Row :225 - Parsing failed. Reason: Coupon already exists.
07-02-2021 @ 12:17:11 - Row :226 - Parsing item.
07-02-2021 @ 12:17:11 - Row :226 - Parsing failed. Reason: Coupon already exists.
07-02-2021 @ 12:17:11 - Row :227 - Parsing item.
07-02-2021 @ 12:17:11 - Row :227 - Parsing failed. Reason: Coupon already exists.
07-02-2021 @ 12:17:11 - Row :228 - Parsing item.
07-02-2021 @ 12:17:11 - Row :228 - Parsing failed. Reason: Coupon already exists.
07-02-2021 @ 12:17:11 - Row :229 - Parsing item.
07-02-2021 @ 12:17:11 - Row :229 - Parsing failed. Reason: Coupon already exists.
07-02-2021 @ 12:17:11 - Row :230 - Parsing item.
07-02-2021 @ 12:17:11 - Row :230 - Parsing failed. Reason: Coupon already exists.
07-02-2021 @ 12:17:12 - Preparing for import.
07-02-2021 @ 12:17:12 - Row :231 - Parsing item.
07-02-2021 @ 12:17:12 - Row :231 - Parsing failed. Reason: Coupon already exists.
07-02-2021 @ 12:17:12 - Row :232 - Parsing item.
07-02-2021 @ 12:17:12 - Row :232 - Parsing failed. Reason: Coupon already exists.
07-02-2021 @ 12:17:12 - Row :233 - Parsing item.
07-02-2021 @ 12:17:12 - Row :233 - Parsing failed. Reason: Coupon already exists.
07-02-2021 @ 12:17:12 - Row :234 - Parsing item.
07-02-2021 @ 12:17:12 - Row :234 - Parsing failed. Reason: Coupon already exists.
07-02-2021 @ 12:17:12 - Row :235 - Parsing item.
07-02-2021 @ 12:17:12 - Row :235 - Parsing failed. Reason: Coupon already exists.
07-02-2021 @ 12:17:12 - Row :236 - Parsing item.
07-02-2021 @ 12:17:12 - Row :236 - Parsing failed. Reason: Coupon already exists.
07-02-2021 @ 12:17:12 - Row :237 - Parsing item.
07-02-2021 @ 12:17:12 - Row :237 - Parsing failed. Reason: Coupon already exists.
07-02-2021 @ 12:17:12 - Row :238 - Parsing item.
07-02-2021 @ 12:17:12 - Row :238 - Parsing failed. Reason: Coupon already exists.
07-02-2021 @ 12:17:12 - Row :239 - Parsing item.
07-02-2021 @ 12:17:12 - Row :239 - Parsing failed. Reason: Coupon already exists.
07-02-2021 @ 12:17:12 - Row :240 - Parsing item.
07-02-2021 @ 12:17:12 - Row :240 - Parsing failed. Reason: Coupon already exists.
07-02-2021 @ 12:17:12 - Preparing for import.
07-02-2021 @ 12:17:12 - Row :241 - Parsing item.
07-02-2021 @ 12:17:12 - Row :241 - Parsing failed. Reason: Coupon already exists.
07-02-2021 @ 12:17:12 - Row :242 - Parsing item.
07-02-2021 @ 12:17:12 - Row :242 - Parsing failed. Reason: Coupon already exists.
07-02-2021 @ 12:17:12 - Row :243 - Parsing item.
07-02-2021 @ 12:17:12 - Row :243 - Parsing failed. Reason: Coupon already exists.
07-02-2021 @ 12:17:12 - Row :244 - Parsing item.
07-02-2021 @ 12:17:12 - Row :244 - Parsing failed. Reason: Coupon already exists.
07-02-2021 @ 12:17:12 - Row :245 - Parsing item.
07-02-2021 @ 12:17:12 - Row :245 - Parsing failed. Reason: Coupon already exists.
07-02-2021 @ 12:17:12 - Row :246 - Parsing item.
07-02-2021 @ 12:17:12 - Row :246 - Parsing failed. Reason: Coupon already exists.
07-02-2021 @ 12:17:12 - Row :247 - Parsing item.
07-02-2021 @ 12:17:12 - Row :247 - Parsing failed. Reason: Coupon already exists.
07-02-2021 @ 12:17:12 - Row :248 - Parsing item.
07-02-2021 @ 12:17:12 - Row :248 - Parsing failed. Reason: Coupon already exists.
07-02-2021 @ 12:17:12 - Row :249 - Parsing item.
07-02-2021 @ 12:17:12 - Row :249 - Parsing failed. Reason: Coupon already exists.
07-02-2021 @ 12:17:12 - Row :250 - Parsing item.
07-02-2021 @ 12:17:12 - Row :250 - Parsing failed. Reason: Coupon already exists.
07-02-2021 @ 12:17:13 - Preparing for import.
07-02-2021 @ 12:17:13 - Row :251 - Parsing item.
07-02-2021 @ 12:17:13 - Row :251 - Parsing failed. Reason: Coupon already exists.
07-02-2021 @ 12:17:13 - Row :252 - Parsing item.
07-02-2021 @ 12:17:13 - Row :252 - Parsing failed. Reason: Coupon already exists.
07-02-2021 @ 12:17:13 - Row :253 - Parsing item.
07-02-2021 @ 12:17:13 - Row :253 - Parsing failed. Reason: Coupon already exists.
07-02-2021 @ 12:17:13 - Row :254 - Parsing item.
07-02-2021 @ 12:17:13 - Row :254 - Parsing failed. Reason: Coupon already exists.
07-02-2021 @ 12:17:13 - Row :255 - Parsing item.
07-02-2021 @ 12:17:13 - Row :255 - Parsing failed. Reason: Coupon already exists.
07-02-2021 @ 12:17:13 - Row :256 - Parsing item.
07-02-2021 @ 12:17:13 - Row :256 - Parsing failed. Reason: Coupon already exists.
07-02-2021 @ 12:17:13 - Row :257 - Parsing item.
07-02-2021 @ 12:17:13 - Row :257 - Parsing failed. Reason: Coupon already exists.
07-02-2021 @ 12:17:13 - Row :258 - Parsing item.
07-02-2021 @ 12:17:13 - Row :258 - Parsing failed. Reason: Coupon already exists.
07-02-2021 @ 12:17:13 - Row :259 - Parsing item.
07-02-2021 @ 12:17:13 - Row :259 - Parsing failed. Reason: Coupon already exists.
07-02-2021 @ 12:17:13 - Row :260 - Parsing item.
07-02-2021 @ 12:17:13 - Row :260 - Parsing failed. Reason: Coupon already exists.
07-02-2021 @ 12:17:13 - Preparing for import.
07-02-2021 @ 12:17:13 - Row :261 - Parsing item.
07-02-2021 @ 12:17:13 - Row :261 - Parsing failed. Reason: Coupon already exists.
07-02-2021 @ 12:17:13 - Row :262 - Parsing item.
07-02-2021 @ 12:17:13 - Row :262 - Parsing failed. Reason: Coupon already exists.
07-02-2021 @ 12:17:13 - Row :263 - Parsing item.
07-02-2021 @ 12:17:13 - Row :263 - Parsing failed. Reason: Coupon already exists.
07-02-2021 @ 12:17:13 - Row :264 - Parsing item.
07-02-2021 @ 12:17:13 - Row :264 - Parsing failed. Reason: Coupon already exists.
07-02-2021 @ 12:17:13 - Row :265 - Parsing item.
07-02-2021 @ 12:17:13 - Row :265 - Parsing failed. Reason: Coupon already exists.
07-02-2021 @ 12:17:13 - Row :266 - Parsing item.
07-02-2021 @ 12:17:13 - Row :266 - Parsing failed. Reason: Coupon already exists.
07-02-2021 @ 12:17:13 - Row :267 - Parsing item.
07-02-2021 @ 12:17:13 - Row :267 - Parsing failed. Reason: Coupon already exists.
07-02-2021 @ 12:17:13 - Row :268 - Parsing item.
07-02-2021 @ 12:17:13 - Row :268 - Parsing failed. Reason: Coupon already exists.
07-02-2021 @ 12:17:13 - Row :269 - Parsing item.
07-02-2021 @ 12:17:13 - Row :269 - Parsing failed. Reason: Coupon already exists.
07-02-2021 @ 12:17:13 - Row :270 - Parsing item.
07-02-2021 @ 12:17:13 - Row :270 - Parsing failed. Reason: Coupon already exists.
07-02-2021 @ 12:17:14 - Preparing for import.
07-02-2021 @ 12:17:14 - Row :271 - Parsing item.
07-02-2021 @ 12:17:14 - Row :271 - Parsing failed. Reason: Coupon already exists.
07-02-2021 @ 12:17:14 - Row :272 - Parsing item.
07-02-2021 @ 12:17:14 - Row :272 - Parsing failed. Reason: Coupon already exists.
07-02-2021 @ 12:17:14 - Row :273 - Parsing item.
07-02-2021 @ 12:17:14 - Row :273 - Parsing failed. Reason: Coupon already exists.
07-02-2021 @ 12:17:14 - Row :274 - Parsing item.
07-02-2021 @ 12:17:14 - Row :274 - Parsing failed. Reason: Coupon already exists.
07-02-2021 @ 12:17:14 - Row :275 - Parsing item.
07-02-2021 @ 12:17:14 - Row :275 - Parsing failed. Reason: Coupon already exists.
07-02-2021 @ 12:17:14 - Row :276 - Parsing item.
07-02-2021 @ 12:17:14 - Row :276 - Parsing failed. Reason: Coupon already exists.
07-02-2021 @ 12:17:14 - Row :277 - Parsing item.
07-02-2021 @ 12:17:14 - Row :277 - Parsing failed. Reason: Coupon already exists.
07-02-2021 @ 12:17:14 - Row :278 - Parsing item.
07-02-2021 @ 12:17:14 - Row :278 - Parsing failed. Reason: Coupon already exists.
07-02-2021 @ 12:17:14 - Row :279 - Parsing item.
07-02-2021 @ 12:17:14 - Row :279 - Parsing failed. Reason: Coupon already exists.
07-02-2021 @ 12:17:14 - Row :280 - Parsing item.
07-02-2021 @ 12:17:14 - Row :280 - Parsing failed. Reason: Coupon already exists.
07-02-2021 @ 12:17:14 - Preparing for import.
07-02-2021 @ 12:17:14 - Row :281 - Parsing item.
07-02-2021 @ 12:17:14 - Row :281 - Parsing failed. Reason: Coupon already exists.
07-02-2021 @ 12:17:14 - Row :282 - Parsing item.
07-02-2021 @ 12:17:14 - Row :282 - Parsing failed. Reason: Coupon already exists.
07-02-2021 @ 12:17:14 - Row :283 - Parsing item.
07-02-2021 @ 12:17:14 - Row :283 - Parsing failed. Reason: Coupon already exists.
07-02-2021 @ 12:17:14 - Row :284 - Parsing item.
07-02-2021 @ 12:17:14 - Row :284 - Parsing failed. Reason: Coupon already exists.
07-02-2021 @ 12:17:14 - Row :285 - Parsing item.
07-02-2021 @ 12:17:14 - Row :285 - Parsing failed. Reason: Coupon already exists.
07-02-2021 @ 12:17:14 - Row :286 - Parsing item.
07-02-2021 @ 12:17:14 - Row :286 - Parsing failed. Reason: Coupon already exists.
07-02-2021 @ 12:17:14 - Row :287 - Parsing item.
07-02-2021 @ 12:17:14 - Row :287 - Parsing failed. Reason: Coupon already exists.
07-02-2021 @ 12:17:14 - Row :288 - Parsing item.
07-02-2021 @ 12:17:14 - Row :288 - Parsing failed. Reason: Coupon already exists.
07-02-2021 @ 12:17:14 - Row :289 - Parsing item.
07-02-2021 @ 12:17:14 - Row :289 - Parsing failed. Reason: Coupon already exists.
07-02-2021 @ 12:17:14 - Row :290 - Parsing item.
07-02-2021 @ 12:17:14 - Row :290 - Parsing failed. Reason: Coupon already exists.
07-02-2021 @ 12:17:15 - Preparing for import.
07-02-2021 @ 12:17:15 - Row :291 - Parsing item.
07-02-2021 @ 12:17:15 - Row :291 - Parsing failed. Reason: Coupon already exists.
07-02-2021 @ 12:17:15 - Row :292 - Parsing item.
07-02-2021 @ 12:17:15 - Row :292 - Parsing failed. Reason: Coupon already exists.
07-02-2021 @ 12:17:15 - Row :293 - Parsing item.
07-02-2021 @ 12:17:15 - Row :293 - Parsing failed. Reason: Coupon already exists.
07-02-2021 @ 12:17:15 - Row :294 - Parsing item.
07-02-2021 @ 12:17:15 - Row :294 - Parsing failed. Reason: Coupon already exists.
07-02-2021 @ 12:17:15 - Row :295 - Parsing item.
07-02-2021 @ 12:17:15 - Row :295 - Parsing failed. Reason: Coupon already exists.
07-02-2021 @ 12:17:15 - Row :296 - Parsing item.
07-02-2021 @ 12:17:15 - Row :296 - Parsing failed. Reason: Coupon already exists.
07-02-2021 @ 12:17:15 - Row :297 - Parsing item.
07-02-2021 @ 12:17:15 - Row :297 - Parsing failed. Reason: Coupon already exists.
07-02-2021 @ 12:17:15 - Row :298 - Parsing item.
07-02-2021 @ 12:17:15 - Row :298 - Parsing failed. Reason: Coupon already exists.
07-02-2021 @ 12:17:15 - Row :299 - Parsing item.
07-02-2021 @ 12:17:15 - Row :299 - Parsing failed. Reason: Coupon already exists.
07-02-2021 @ 12:17:15 - Row :300 - Parsing item.
07-02-2021 @ 12:17:15 - Row :300 - Parsing failed. Reason: Coupon already exists.
07-02-2021 @ 12:17:16 - Preparing for import.
07-02-2021 @ 12:17:16 - Row :301 - Parsing item.
07-02-2021 @ 12:17:16 - Row :301 - Parsing failed. Reason: Coupon already exists.
07-02-2021 @ 12:17:16 - Row :302 - Parsing item.
07-02-2021 @ 12:17:16 - Row :302 - Parsing failed. Reason: Coupon already exists.
07-02-2021 @ 12:17:16 - Row :303 - Parsing item.
07-02-2021 @ 12:17:16 - Row :303 - Parsing failed. Reason: Coupon already exists.
07-02-2021 @ 12:17:16 - Row :304 - Parsing item.
07-02-2021 @ 12:17:16 - Row :304 - Parsing failed. Reason: Coupon already exists.
07-02-2021 @ 12:17:16 - Row :305 - Parsing item.
07-02-2021 @ 12:17:16 - Row :305 - Parsing failed. Reason: Coupon already exists.
07-02-2021 @ 12:17:16 - Row :306 - Parsing item.
07-02-2021 @ 12:17:16 - Row :306 - Parsing failed. Reason: Coupon already exists.
07-02-2021 @ 12:17:16 - Row :307 - Parsing item.
07-02-2021 @ 12:17:16 - Row :307 - Parsing failed. Reason: Coupon already exists.
07-02-2021 @ 12:17:16 - Row :308 - Parsing item.
07-02-2021 @ 12:17:16 - Row :308 - Parsing failed. Reason: Coupon already exists.
07-02-2021 @ 12:17:16 - Row :309 - Parsing item.
07-02-2021 @ 12:17:16 - Row :309 - Parsing failed. Reason: Coupon already exists.
07-02-2021 @ 12:17:16 - Row :310 - Parsing item.
07-02-2021 @ 12:17:16 - Row :310 - Parsing failed. Reason: Coupon already exists.
07-02-2021 @ 12:17:16 - Preparing for import.
07-02-2021 @ 12:17:16 - Row :311 - Parsing item.
07-02-2021 @ 12:17:16 - Row :311 - Parsing failed. Reason: Coupon already exists.
07-02-2021 @ 12:17:16 - Row :312 - Parsing item.
07-02-2021 @ 12:17:16 - Row :312 - Parsing failed. Reason: Coupon already exists.
07-02-2021 @ 12:17:16 - Row :313 - Parsing item.
07-02-2021 @ 12:17:16 - Row :313 - Parsing failed. Reason: Coupon already exists.
07-02-2021 @ 12:17:16 - Row :314 - Parsing item.
07-02-2021 @ 12:17:16 - Row :314 - Parsing failed. Reason: Coupon already exists.
07-02-2021 @ 12:17:16 - Row :315 - Parsing item.
07-02-2021 @ 12:17:16 - Row :315 - Parsing failed. Reason: Coupon already exists.
07-02-2021 @ 12:17:16 - Row :316 - Parsing item.
07-02-2021 @ 12:17:16 - Row :316 - Parsing failed. Reason: Coupon already exists.
07-02-2021 @ 12:17:16 - Row :317 - Parsing item.
07-02-2021 @ 12:17:16 - Row :317 - Parsing failed. Reason: Coupon already exists.
07-02-2021 @ 12:17:16 - Row :318 - Parsing item.
07-02-2021 @ 12:17:16 - Row :318 - Parsing failed. Reason: Coupon already exists.
07-02-2021 @ 12:17:16 - Row :319 - Parsing item.
07-02-2021 @ 12:17:16 - Row :319 - Parsing failed. Reason: Coupon already exists.
07-02-2021 @ 12:17:16 - Row :320 - Parsing item.
07-02-2021 @ 12:17:16 - Row :320 - Parsing failed. Reason: Coupon already exists.
07-02-2021 @ 12:17:17 - Preparing for import.
07-02-2021 @ 12:17:17 - Row :321 - Parsing item.
07-02-2021 @ 12:17:17 - Row :321 - Parsing failed. Reason: Coupon already exists.
07-02-2021 @ 12:17:17 - Row :322 - Parsing item.
07-02-2021 @ 12:17:17 - Row :322 - Parsing failed. Reason: Coupon already exists.
07-02-2021 @ 12:17:17 - Row :323 - Parsing item.
07-02-2021 @ 12:17:17 - Row :323 - Parsing failed. Reason: Coupon already exists.
07-02-2021 @ 12:17:17 - Row :324 - Parsing item.
07-02-2021 @ 12:17:17 - Row :324 - Parsing failed. Reason: Coupon already exists.
07-02-2021 @ 12:17:17 - Row :325 - Parsing item.
07-02-2021 @ 12:17:17 - Row :325 - Parsing failed. Reason: Coupon already exists.
07-02-2021 @ 12:17:17 - Row :326 - Parsing item.
07-02-2021 @ 12:17:17 - Row :326 - Parsing failed. Reason: Coupon already exists.
07-02-2021 @ 12:17:17 - Row :327 - Parsing item.
07-02-2021 @ 12:17:17 - Row :327 - Parsing failed. Reason: Coupon already exists.
07-02-2021 @ 12:17:17 - Row :328 - Parsing item.
07-02-2021 @ 12:17:17 - Row :328 - Parsing failed. Reason: Coupon already exists.
07-02-2021 @ 12:17:17 - Row :329 - Parsing item.
07-02-2021 @ 12:17:17 - Row :329 - Parsing failed. Reason: Coupon already exists.
07-02-2021 @ 12:17:17 - Row :330 - Parsing item.
07-02-2021 @ 12:17:17 - Row :330 - Parsing failed. Reason: Coupon already exists.
07-02-2021 @ 12:17:17 - Preparing for import.
07-02-2021 @ 12:17:17 - Row :331 - Parsing item.
07-02-2021 @ 12:17:17 - Row :331 - Parsing failed. Reason: Coupon already exists.
07-02-2021 @ 12:17:17 - Row :332 - Parsing item.
07-02-2021 @ 12:17:17 - Row :332 - Parsing failed. Reason: Coupon already exists.
07-02-2021 @ 12:17:17 - Row :333 - Parsing item.
07-02-2021 @ 12:17:17 - Row :333 - Parsing failed. Reason: Coupon already exists.
07-02-2021 @ 12:17:17 - Row :334 - Parsing item.
07-02-2021 @ 12:17:17 - Row :334 - Parsing failed. Reason: Coupon already exists.
07-02-2021 @ 12:17:17 - Row :335 - Parsing item.
07-02-2021 @ 12:17:17 - Row :335 - Parsing failed. Reason: Coupon already exists.
07-02-2021 @ 12:17:17 - Row :336 - Parsing item.
07-02-2021 @ 12:17:17 - Row :336 - Parsing failed. Reason: Coupon already exists.
07-02-2021 @ 12:17:17 - Row :337 - Parsing item.
07-02-2021 @ 12:17:17 - Row :337 - Parsing failed. Reason: Coupon already exists.
07-02-2021 @ 12:17:17 - Row :338 - Parsing item.
07-02-2021 @ 12:17:17 - Row :338 - Parsing failed. Reason: Coupon already exists.
07-02-2021 @ 12:17:17 - Row :339 - Parsing item.
07-02-2021 @ 12:17:17 - Row :339 - Parsing failed. Reason: Coupon already exists.
07-02-2021 @ 12:17:17 - Row :340 - Parsing item.
07-02-2021 @ 12:17:17 - Row :340 - Parsing failed. Reason: Coupon already exists.
07-02-2021 @ 12:17:18 - Preparing for import.
07-02-2021 @ 12:17:18 - Row :341 - Parsing item.
07-02-2021 @ 12:17:18 - Row :341 - Parsing failed. Reason: Coupon already exists.
07-02-2021 @ 12:17:18 - Row :342 - Parsing item.
07-02-2021 @ 12:17:18 - Row :342 - Parsing failed. Reason: Coupon already exists.
07-02-2021 @ 12:17:18 - Row :343 - Parsing item.
07-02-2021 @ 12:17:18 - Row :343 - Parsing failed. Reason: Coupon already exists.
07-02-2021 @ 12:17:18 - Row :344 - Parsing item.
07-02-2021 @ 12:17:18 - Row :344 - Parsing failed. Reason: Coupon already exists.
07-02-2021 @ 12:17:18 - Row :345 - Parsing item.
07-02-2021 @ 12:17:18 - Row :345 - Parsing failed. Reason: Coupon already exists.
07-02-2021 @ 12:17:18 - Row :346 - Parsing item.
07-02-2021 @ 12:17:18 - Row :346 - Parsing failed. Reason: Coupon already exists.
07-02-2021 @ 12:17:18 - Row :347 - Parsing item.
07-02-2021 @ 12:17:18 - Row :347 - Parsing failed. Reason: Coupon already exists.
07-02-2021 @ 12:17:18 - Row :348 - Parsing item.
07-02-2021 @ 12:17:18 - Row :348 - Parsing failed. Reason: Coupon already exists.
07-02-2021 @ 12:17:18 - Row :349 - Parsing item.
07-02-2021 @ 12:17:18 - Row :349 - Parsing failed. Reason: Coupon already exists.
07-02-2021 @ 12:17:18 - Row :350 - Parsing item.
07-02-2021 @ 12:17:18 - Row :350 - Parsing failed. Reason: Coupon already exists.
07-02-2021 @ 12:17:18 - Preparing for import.
07-02-2021 @ 12:17:18 - Row :351 - Parsing item.
07-02-2021 @ 12:17:18 - Row :351 - Parsing failed. Reason: Coupon already exists.
07-02-2021 @ 12:17:18 - Row :352 - Parsing item.
07-02-2021 @ 12:17:18 - Row :352 - Parsing failed. Reason: Coupon already exists.
07-02-2021 @ 12:17:18 - Row :353 - Parsing item.
07-02-2021 @ 12:17:18 - Row :353 - Parsing failed. Reason: Coupon already exists.
07-02-2021 @ 12:17:18 - Row :354 - Parsing item.
07-02-2021 @ 12:17:18 - Row :354 - Parsing failed. Reason: Coupon already exists.
07-02-2021 @ 12:17:18 - Row :355 - Parsing item.
07-02-2021 @ 12:17:18 - Row :355 - Parsing failed. Reason: Coupon already exists.
07-02-2021 @ 12:17:18 - Row :356 - Parsing item.
07-02-2021 @ 12:17:18 - Row :356 - Parsing failed. Reason: Coupon already exists.
07-02-2021 @ 12:17:18 - Row :357 - Parsing item.
07-02-2021 @ 12:17:18 - Row :357 - Parsing failed. Reason: Coupon already exists.
07-02-2021 @ 12:17:18 - Row :358 - Parsing item.
07-02-2021 @ 12:17:18 - Row :358 - Parsing failed. Reason: Coupon already exists.
07-02-2021 @ 12:17:18 - Row :359 - Parsing item.
07-02-2021 @ 12:17:18 - Row :359 - Parsing failed. Reason: Coupon already exists.
07-02-2021 @ 12:17:18 - Row :360 - Parsing item.
07-02-2021 @ 12:17:18 - Row :360 - Parsing failed. Reason: Coupon already exists.
07-02-2021 @ 12:17:19 - Preparing for import.
07-02-2021 @ 12:17:19 - Row :361 - Parsing item.
07-02-2021 @ 12:17:19 - Row :361 - Parsing failed. Reason: Coupon already exists.
07-02-2021 @ 12:17:19 - Row :362 - Parsing item.
07-02-2021 @ 12:17:19 - Row :362 - Parsing failed. Reason: Coupon already exists.
07-02-2021 @ 12:17:19 - Row :363 - Parsing item.
07-02-2021 @ 12:17:19 - Row :363 - Parsing failed. Reason: Coupon already exists.
07-02-2021 @ 12:17:19 - Row :364 - Parsing item.
07-02-2021 @ 12:17:19 - Row :364 - Parsing failed. Reason: Coupon already exists.
07-02-2021 @ 12:17:19 - Row :365 - Parsing item.
07-02-2021 @ 12:17:19 - Row :365 - Parsing failed. Reason: Coupon already exists.
07-02-2021 @ 12:17:19 - Row :366 - Parsing item.
07-02-2021 @ 12:17:19 - Row :366 - Parsing failed. Reason: Coupon already exists.
07-02-2021 @ 12:17:19 - Row :367 - Parsing item.
07-02-2021 @ 12:17:19 - Row :367 - Parsing failed. Reason: Coupon already exists.
07-02-2021 @ 12:17:19 - Row :368 - Parsing item.
07-02-2021 @ 12:17:19 - Row :368 - Parsing failed. Reason: Coupon already exists.
07-02-2021 @ 12:17:19 - Row :369 - Parsing item.
07-02-2021 @ 12:17:19 - Row :369 - Parsing failed. Reason: Coupon already exists.
07-02-2021 @ 12:17:19 - Row :370 - Parsing item.
07-02-2021 @ 12:17:19 - Row :370 - Parsing failed. Reason: Coupon already exists.
07-02-2021 @ 12:17:20 - Preparing for import.
07-02-2021 @ 12:17:20 - Row :371 - Parsing item.
07-02-2021 @ 12:17:20 - Row :371 - Parsing failed. Reason: Coupon already exists.
07-02-2021 @ 12:17:20 - Row :372 - Parsing item.
07-02-2021 @ 12:17:20 - Row :372 - Parsing failed. Reason: Coupon already exists.
07-02-2021 @ 12:17:20 - Row :373 - Parsing item.
07-02-2021 @ 12:17:20 - Row :373 - Parsing failed. Reason: Coupon already exists.
07-02-2021 @ 12:17:20 - Row :374 - Parsing item.
07-02-2021 @ 12:17:20 - Row :374 - Parsing failed. Reason: Coupon already exists.
07-02-2021 @ 12:17:20 - Row :375 - Parsing item.
07-02-2021 @ 12:17:20 - Row :375 - Parsing failed. Reason: Coupon already exists.
07-02-2021 @ 12:17:20 - Row :376 - Parsing item.
07-02-2021 @ 12:17:20 - Row :376 - Parsing failed. Reason: Coupon already exists.
07-02-2021 @ 12:17:20 - Row :377 - Parsing item.
07-02-2021 @ 12:17:20 - Row :377 - Parsing failed. Reason: Coupon already exists.
07-02-2021 @ 12:17:20 - Row :378 - Parsing item.
07-02-2021 @ 12:17:20 - Row :378 - Parsing failed. Reason: Coupon already exists.
07-02-2021 @ 12:17:20 - Row :379 - Parsing item.
07-02-2021 @ 12:17:20 - Row :379 - Parsing failed. Reason: Coupon already exists.
07-02-2021 @ 12:17:20 - Row :380 - Parsing item.
07-02-2021 @ 12:17:20 - Row :380 - Parsing failed. Reason: Coupon already exists.
07-02-2021 @ 12:17:20 - Preparing for import.
07-02-2021 @ 12:17:20 - Row :381 - Parsing item.
07-02-2021 @ 12:17:20 - Row :381 - Parsing failed. Reason: Coupon already exists.
07-02-2021 @ 12:17:20 - Row :382 - Parsing item.
07-02-2021 @ 12:17:20 - Row :382 - Parsing failed. Reason: Coupon already exists.
07-02-2021 @ 12:17:20 - Row :383 - Parsing item.
07-02-2021 @ 12:17:20 - Row :383 - Parsing failed. Reason: Coupon already exists.
07-02-2021 @ 12:17:20 - Row :384 - Parsing item.
07-02-2021 @ 12:17:20 - Row :384 - Parsing failed. Reason: Coupon already exists.
07-02-2021 @ 12:17:20 - Row :385 - Parsing item.
07-02-2021 @ 12:17:20 - Row :385 - Parsing failed. Reason: Coupon already exists.
07-02-2021 @ 12:17:20 - Row :386 - Parsing item.
07-02-2021 @ 12:17:20 - Row :386 - Parsing failed. Reason: Coupon already exists.
07-02-2021 @ 12:17:20 - Row :387 - Parsing item.
07-02-2021 @ 12:17:20 - Row :387 - Parsing failed. Reason: Coupon already exists.
07-02-2021 @ 12:17:20 - Row :388 - Parsing item.
07-02-2021 @ 12:17:20 - Row :388 - Parsing failed. Reason: Coupon already exists.
07-02-2021 @ 12:17:20 - Row :389 - Parsing item.
07-02-2021 @ 12:17:20 - Row :389 - Parsing failed. Reason: Coupon already exists.
07-02-2021 @ 12:17:20 - Row :390 - Parsing item.
07-02-2021 @ 12:17:20 - Row :390 - Parsing failed. Reason: Coupon already exists.
07-02-2021 @ 12:17:21 - Preparing for import.
07-02-2021 @ 12:17:21 - Row :391 - Parsing item.
07-02-2021 @ 12:17:21 - Row :391 - Parsing failed. Reason: Coupon already exists.
07-02-2021 @ 12:17:21 - Row :392 - Parsing item.
07-02-2021 @ 12:17:21 - Row :392 - Parsing failed. Reason: Coupon already exists.
07-02-2021 @ 12:17:21 - Row :393 - Parsing item.
07-02-2021 @ 12:17:21 - Row :393 - Parsing failed. Reason: Coupon already exists.
07-02-2021 @ 12:17:21 - Row :394 - Parsing item.
07-02-2021 @ 12:17:21 - Row :394 - Parsing failed. Reason: Coupon already exists.
07-02-2021 @ 12:17:21 - Row :395 - Parsing item.
07-02-2021 @ 12:17:21 - Row :395 - Parsing failed. Reason: Coupon already exists.
07-02-2021 @ 12:17:21 - Row :396 - Parsing item.
07-02-2021 @ 12:17:21 - Row :396 - Parsing failed. Reason: Coupon already exists.
07-02-2021 @ 12:17:21 - Row :397 - Parsing item.
07-02-2021 @ 12:17:21 - Row :397 - Parsing failed. Reason: Coupon already exists.
07-02-2021 @ 12:17:21 - Row :398 - Parsing item.
07-02-2021 @ 12:17:21 - Row :398 - Parsing failed. Reason: Coupon already exists.
07-02-2021 @ 12:17:21 - Row :399 - Parsing item.
07-02-2021 @ 12:17:21 - Row :399 - Parsing failed. Reason: Coupon already exists.
07-02-2021 @ 12:17:21 - Row :400 - Parsing item.
07-02-2021 @ 12:17:21 - Row :400 - Parsing failed. Reason: Coupon already exists.
07-02-2021 @ 12:17:22 - Preparing for import.
07-02-2021 @ 12:17:22 - Row :401 - Parsing item.
07-02-2021 @ 12:17:22 - Row :401 - Parsing failed. Reason: Coupon already exists.
07-02-2021 @ 12:17:22 - Row :402 - Parsing item.
07-02-2021 @ 12:17:22 - Row :402 - Parsing failed. Reason: Coupon already exists.
07-02-2021 @ 12:17:22 - Row :403 - Parsing item.
07-02-2021 @ 12:17:22 - Row :403 - Parsing failed. Reason: Coupon already exists.
07-02-2021 @ 12:17:22 - Row :404 - Parsing item.
07-02-2021 @ 12:17:22 - Row :404 - Parsing failed. Reason: Coupon already exists.
07-02-2021 @ 12:17:22 - Row :405 - Parsing item.
07-02-2021 @ 12:17:22 - Row :405 - Parsing failed. Reason: Coupon already exists.
07-02-2021 @ 12:17:22 - Row :406 - Parsing item.
07-02-2021 @ 12:17:22 - Row :406 - Parsing failed. Reason: Coupon already exists.
07-02-2021 @ 12:17:22 - Row :407 - Parsing item.
07-02-2021 @ 12:17:22 - Row :407 - Parsing failed. Reason: Coupon already exists.
07-02-2021 @ 12:17:22 - Row :408 - Parsing item.
07-02-2021 @ 12:17:22 - Row :408 - Parsing failed. Reason: Coupon already exists.
07-02-2021 @ 12:17:22 - Row :409 - Parsing item.
07-02-2021 @ 12:17:22 - Row :409 - Parsing failed. Reason: Coupon already exists.
07-02-2021 @ 12:17:22 - Row :410 - Parsing item.
07-02-2021 @ 12:17:22 - Row :410 - Parsing failed. Reason: Coupon already exists.
07-02-2021 @ 12:17:22 - Preparing for import.
07-02-2021 @ 12:17:22 - Row :411 - Parsing item.
07-02-2021 @ 12:17:22 - Row :411 - Parsing failed. Reason: Coupon already exists.
07-02-2021 @ 12:17:22 - Row :412 - Parsing item.
07-02-2021 @ 12:17:22 - Row :412 - Parsing failed. Reason: Coupon already exists.
07-02-2021 @ 12:17:22 - Row :413 - Parsing item.
07-02-2021 @ 12:17:22 - Row :413 - Parsing failed. Reason: Coupon already exists.
07-02-2021 @ 12:17:22 - Row :414 - Parsing item.
07-02-2021 @ 12:17:22 - Row :414 - Parsing failed. Reason: Coupon already exists.
07-02-2021 @ 12:17:22 - Row :415 - Parsing item.
07-02-2021 @ 12:17:22 - Row :415 - Parsing failed. Reason: Coupon already exists.
07-02-2021 @ 12:17:22 - Row :416 - Parsing item.
07-02-2021 @ 12:17:22 - Row :416 - Parsing failed. Reason: Coupon already exists.
07-02-2021 @ 12:17:22 - Row :417 - Parsing item.
07-02-2021 @ 12:17:22 - Row :417 - Parsing failed. Reason: Coupon already exists.
07-02-2021 @ 12:17:22 - Row :418 - Parsing item.
07-02-2021 @ 12:17:22 - Row :418 - Parsing failed. Reason: Coupon already exists.
07-02-2021 @ 12:17:22 - Row :419 - Parsing item.
07-02-2021 @ 12:17:22 - Row :419 - Parsing failed. Reason: Coupon already exists.
07-02-2021 @ 12:17:22 - Row :420 - Parsing item.
07-02-2021 @ 12:17:22 - Row :420 - Parsing failed. Reason: Coupon already exists.
07-02-2021 @ 12:17:23 - Preparing for import.
07-02-2021 @ 12:17:23 - Row :421 - Parsing item.
07-02-2021 @ 12:17:23 - Row :421 - Parsing failed. Reason: Coupon already exists.
07-02-2021 @ 12:17:23 - Row :422 - Parsing item.
07-02-2021 @ 12:17:23 - Row :422 - Parsing failed. Reason: Coupon already exists.
07-02-2021 @ 12:17:23 - Row :423 - Parsing item.
07-02-2021 @ 12:17:23 - Row :423 - Parsing failed. Reason: Coupon already exists.
07-02-2021 @ 12:17:23 - Row :424 - Parsing item.
07-02-2021 @ 12:17:23 - Row :424 - Parsing failed. Reason: Coupon already exists.
07-02-2021 @ 12:17:23 - Row :425 - Parsing item.
07-02-2021 @ 12:17:23 - Row :425 - Parsing failed. Reason: Coupon already exists.
07-02-2021 @ 12:17:23 - Row :426 - Parsing item.
07-02-2021 @ 12:17:23 - Row :426 - Parsing failed. Reason: Coupon already exists.
07-02-2021 @ 12:17:23 - Row :427 - Parsing item.
07-02-2021 @ 12:17:23 - Row :427 - Parsing failed. Reason: Coupon already exists.
07-02-2021 @ 12:17:23 - Row :428 - Parsing item.
07-02-2021 @ 12:17:23 - Row :428 - Parsing failed. Reason: Coupon already exists.
07-02-2021 @ 12:17:23 - Row :429 - Parsing item.
07-02-2021 @ 12:17:23 - Row :429 - Parsing failed. Reason: Coupon already exists.
07-02-2021 @ 12:17:23 - Row :430 - Parsing item.
07-02-2021 @ 12:17:23 - Row :430 - Parsing failed. Reason: Coupon already exists.
07-02-2021 @ 12:17:23 - Preparing for import.
07-02-2021 @ 12:17:23 - Row :431 - Parsing item.
07-02-2021 @ 12:17:23 - Row :431 - Parsing failed. Reason: Coupon already exists.
07-02-2021 @ 12:17:23 - Row :432 - Parsing item.
07-02-2021 @ 12:17:23 - Row :432 - Parsing failed. Reason: Coupon already exists.
07-02-2021 @ 12:17:23 - Row :433 - Parsing item.
07-02-2021 @ 12:17:23 - Row :433 - Parsing failed. Reason: Coupon already exists.
07-02-2021 @ 12:17:23 - Row :434 - Parsing item.
07-02-2021 @ 12:17:23 - Row :434 - Parsing failed. Reason: Coupon already exists.
07-02-2021 @ 12:17:23 - Row :435 - Parsing item.
07-02-2021 @ 12:17:23 - Row :435 - Parsing failed. Reason: Coupon already exists.
07-02-2021 @ 12:17:23 - Row :436 - Parsing item.
07-02-2021 @ 12:17:23 - Row :436 - Parsing failed. Reason: Coupon already exists.
07-02-2021 @ 12:17:23 - Row :437 - Parsing item.
07-02-2021 @ 12:17:23 - Row :437 - Parsing failed. Reason: Coupon already exists.
07-02-2021 @ 12:17:23 - Row :438 - Parsing item.
07-02-2021 @ 12:17:23 - Row :438 - Parsing failed. Reason: Coupon already exists.
07-02-2021 @ 12:17:23 - Row :439 - Parsing item.
07-02-2021 @ 12:17:23 - Row :439 - Parsing failed. Reason: Coupon already exists.
07-02-2021 @ 12:17:23 - Row :440 - Parsing item.
07-02-2021 @ 12:17:23 - Row :440 - Parsing failed. Reason: Coupon already exists.
07-02-2021 @ 12:17:24 - Preparing for import.
07-02-2021 @ 12:17:24 - Row :441 - Parsing item.
07-02-2021 @ 12:17:24 - Row :441 - Parsing failed. Reason: Coupon already exists.
07-02-2021 @ 12:17:24 - Row :442 - Parsing item.
07-02-2021 @ 12:17:24 - Row :442 - Parsing failed. Reason: Coupon already exists.
07-02-2021 @ 12:17:24 - Row :443 - Parsing item.
07-02-2021 @ 12:17:24 - Row :443 - Parsing failed. Reason: Coupon already exists.
07-02-2021 @ 12:17:24 - Row :444 - Parsing item.
07-02-2021 @ 12:17:24 - Row :444 - Parsing failed. Reason: Coupon already exists.
07-02-2021 @ 12:17:24 - Row :445 - Parsing item.
07-02-2021 @ 12:17:24 - Row :445 - Parsing failed. Reason: Coupon already exists.
07-02-2021 @ 12:17:24 - Row :446 - Parsing item.
07-02-2021 @ 12:17:24 - Row :446 - Parsing failed. Reason: Coupon already exists.
07-02-2021 @ 12:17:24 - Row :447 - Parsing item.
07-02-2021 @ 12:17:24 - Row :447 - Parsing failed. Reason: Coupon already exists.
07-02-2021 @ 12:17:24 - Row :448 - Parsing item.
07-02-2021 @ 12:17:24 - Row :448 - Parsing failed. Reason: Coupon already exists.
07-02-2021 @ 12:17:24 - Row :449 - Parsing item.
07-02-2021 @ 12:17:24 - Row :449 - Parsing failed. Reason: Coupon already exists.
07-02-2021 @ 12:17:24 - Row :450 - Parsing item.
07-02-2021 @ 12:17:24 - Row :450 - Parsing failed. Reason: Coupon already exists.
07-02-2021 @ 12:17:24 - Preparing for import.
07-02-2021 @ 12:17:24 - Row :451 - Parsing item.
07-02-2021 @ 12:17:24 - Row :451 - Parsing failed. Reason: Coupon already exists.
07-02-2021 @ 12:17:24 - Row :452 - Parsing item.
07-02-2021 @ 12:17:24 - Row :452 - Parsing failed. Reason: Coupon already exists.
07-02-2021 @ 12:17:24 - Row :453 - Parsing item.
07-02-2021 @ 12:17:24 - Row :453 - Parsing failed. Reason: Coupon already exists.
07-02-2021 @ 12:17:24 - Row :454 - Parsing item.
07-02-2021 @ 12:17:24 - Row :454 - Parsing failed. Reason: Coupon already exists.
07-02-2021 @ 12:17:24 - Row :455 - Parsing item.
07-02-2021 @ 12:17:24 - Row :455 - Parsing failed. Reason: Coupon already exists.
07-02-2021 @ 12:17:24 - Row :456 - Parsing item.
07-02-2021 @ 12:17:24 - Row :456 - Parsing failed. Reason: Coupon already exists.
07-02-2021 @ 12:17:24 - Row :457 - Parsing item.
07-02-2021 @ 12:17:24 - Row :457 - Parsing failed. Reason: Coupon already exists.
07-02-2021 @ 12:17:24 - Row :458 - Parsing item.
07-02-2021 @ 12:17:24 - Row :458 - Parsing failed. Reason: Coupon already exists.
07-02-2021 @ 12:17:24 - Row :459 - Parsing item.
07-02-2021 @ 12:17:24 - Row :459 - Parsing failed. Reason: Coupon already exists.
07-02-2021 @ 12:17:24 - Row :460 - Parsing item.
07-02-2021 @ 12:17:24 - Row :460 - Parsing failed. Reason: Coupon already exists.
07-02-2021 @ 12:17:25 - Preparing for import.
07-02-2021 @ 12:17:25 - Row :461 - Parsing item.
07-02-2021 @ 12:17:25 - Row :461 - Parsing failed. Reason: Coupon already exists.
07-02-2021 @ 12:17:25 - Row :462 - Parsing item.
07-02-2021 @ 12:17:25 - Row :462 - Parsing failed. Reason: Coupon already exists.
07-02-2021 @ 12:17:25 - Row :463 - Parsing item.
07-02-2021 @ 12:17:25 - Row :463 - Parsing failed. Reason: Coupon already exists.
07-02-2021 @ 12:17:25 - Row :464 - Parsing item.
07-02-2021 @ 12:17:25 - Row :464 - Parsing failed. Reason: Coupon already exists.
07-02-2021 @ 12:17:25 - Row :465 - Parsing item.
07-02-2021 @ 12:17:25 - Row :465 - Parsing failed. Reason: Coupon already exists.
07-02-2021 @ 12:17:25 - Row :466 - Parsing item.
07-02-2021 @ 12:17:25 - Row :466 - Parsing failed. Reason: Coupon already exists.
07-02-2021 @ 12:17:25 - Row :467 - Parsing item.
07-02-2021 @ 12:17:25 - Row :467 - Parsing failed. Reason: Coupon already exists.
07-02-2021 @ 12:17:25 - Row :468 - Parsing item.
07-02-2021 @ 12:17:25 - Row :468 - Parsing failed. Reason: Coupon already exists.
07-02-2021 @ 12:17:25 - Row :469 - Parsing item.
07-02-2021 @ 12:17:25 - Row :469 - Parsing failed. Reason: Coupon already exists.
07-02-2021 @ 12:17:25 - Row :470 - Parsing item.
07-02-2021 @ 12:17:25 - Row :470 - Parsing failed. Reason: Coupon already exists.
07-02-2021 @ 12:17:25 - Preparing for import.
07-02-2021 @ 12:17:25 - Row :471 - Parsing item.
07-02-2021 @ 12:17:25 - Row :471 - Parsing failed. Reason: Coupon already exists.
07-02-2021 @ 12:17:25 - Row :472 - Parsing item.
07-02-2021 @ 12:17:25 - Row :472 - Parsing failed. Reason: Coupon already exists.
07-02-2021 @ 12:17:25 - Row :473 - Parsing item.
07-02-2021 @ 12:17:25 - Row :473 - Parsing failed. Reason: Coupon already exists.
07-02-2021 @ 12:17:25 - Row :474 - Parsing item.
07-02-2021 @ 12:17:25 - Row :474 - Parsing failed. Reason: Coupon already exists.
07-02-2021 @ 12:17:25 - Row :475 - Parsing item.
07-02-2021 @ 12:17:25 - Row :475 - Parsing failed. Reason: Coupon already exists.
07-02-2021 @ 12:17:25 - Row :476 - Parsing item.
07-02-2021 @ 12:17:25 - Row :476 - Parsing failed. Reason: Coupon already exists.
07-02-2021 @ 12:17:25 - Row :477 - Parsing item.
07-02-2021 @ 12:17:25 - Row :477 - Parsing failed. Reason: Coupon already exists.
07-02-2021 @ 12:17:25 - Row :478 - Parsing item.
07-02-2021 @ 12:17:25 - Row :478 - Parsing failed. Reason: Coupon already exists.
07-02-2021 @ 12:17:25 - Row :479 - Parsing item.
07-02-2021 @ 12:17:25 - Row :479 - Parsing failed. Reason: Coupon already exists.
07-02-2021 @ 12:17:25 - Row :480 - Parsing item.
07-02-2021 @ 12:17:25 - Row :480 - Parsing failed. Reason: Coupon already exists.
07-02-2021 @ 12:17:26 - Preparing for import.
07-02-2021 @ 12:17:26 - Row :481 - Parsing item.
07-02-2021 @ 12:17:26 - Row :481 - Parsing failed. Reason: Coupon already exists.
07-02-2021 @ 12:17:26 - Row :482 - Parsing item.
07-02-2021 @ 12:17:26 - Row :482 - Parsing failed. Reason: Coupon already exists.
07-02-2021 @ 12:17:26 - Row :483 - Parsing item.
07-02-2021 @ 12:17:26 - Row :483 - Parsing failed. Reason: Coupon already exists.
07-02-2021 @ 12:17:26 - Row :484 - Parsing item.
07-02-2021 @ 12:17:26 - Row :484 - Parsing failed. Reason: Coupon already exists.
07-02-2021 @ 12:17:26 - Row :485 - Parsing item.
07-02-2021 @ 12:17:26 - Row :485 - Parsing failed. Reason: Coupon already exists.
07-02-2021 @ 12:17:26 - Row :486 - Parsing item.
07-02-2021 @ 12:17:26 - Row :486 - Parsing failed. Reason: Coupon already exists.
07-02-2021 @ 12:17:26 - Row :487 - Parsing item.
07-02-2021 @ 12:17:26 - Row :487 - Parsing failed. Reason: Coupon already exists.
07-02-2021 @ 12:17:26 - Row :488 - Parsing item.
07-02-2021 @ 12:17:26 - Row :488 - Parsing failed. Reason: Coupon already exists.
07-02-2021 @ 12:17:26 - Row :489 - Parsing item.
07-02-2021 @ 12:17:26 - Row :489 - Parsing failed. Reason: Coupon already exists.
07-02-2021 @ 12:17:26 - Row :490 - Parsing item.
07-02-2021 @ 12:17:26 - Row :490 - Parsing failed. Reason: Coupon already exists.
07-02-2021 @ 12:17:26 - Preparing for import.
07-02-2021 @ 12:17:26 - Row :491 - Parsing item.
07-02-2021 @ 12:17:26 - Row :491 - Parsing failed. Reason: Coupon already exists.
07-02-2021 @ 12:17:26 - Row :492 - Parsing item.
07-02-2021 @ 12:17:26 - Row :492 - Parsing failed. Reason: Coupon already exists.
07-02-2021 @ 12:17:26 - Row :493 - Parsing item.
07-02-2021 @ 12:17:26 - Row :493 - Parsing failed. Reason: Coupon already exists.
07-02-2021 @ 12:17:26 - Row :494 - Parsing item.
07-02-2021 @ 12:17:26 - Row :494 - Parsing failed. Reason: Coupon already exists.
07-02-2021 @ 12:17:26 - Row :495 - Parsing item.
07-02-2021 @ 12:17:26 - Row :495 - Parsing failed. Reason: Coupon already exists.
07-02-2021 @ 12:17:26 - Row :496 - Parsing item.
07-02-2021 @ 12:17:26 - Row :496 - Parsing failed. Reason: Coupon already exists.
07-02-2021 @ 12:17:26 - Row :497 - Parsing item.
07-02-2021 @ 12:17:26 - Row :497 - Parsing failed. Reason: Coupon already exists.
07-02-2021 @ 12:17:26 - Row :498 - Parsing item.
07-02-2021 @ 12:17:26 - Row :498 - Parsing failed. Reason: Coupon already exists.
07-02-2021 @ 12:17:26 - Row :499 - Parsing item.
07-02-2021 @ 12:17:26 - Row :499 - Parsing failed. Reason: Coupon already exists.
07-02-2021 @ 12:17:26 - Row :500 - Parsing item.
07-02-2021 @ 12:17:26 - Row :500 - Parsing failed. Reason: Coupon already exists.
07-02-2021 @ 12:17:26 - ---[ Import ended at 2021-07-02 16:17:26]---
