07-03-2021 @ 09:25:58 - ---[ New import started at 2021-07-03 13:25:58 ] PHP Memory: 6 GB, WP Memory: 40 MB
07-03-2021 @ 09:25:58 - Preparing for import.
07-03-2021 @ 09:25:58 - Row :1 - Parsing item.
07-03-2021 @ 09:25:58 - Importing as new order ID:2607428
07-03-2021 @ 09:25:58 - Row :1 - Processing item.
07-03-2021 @ 09:25:58 - Found order object. ID:2607428
07-03-2021 @ 09:25:58 - Row :1 - Order imported successfully.
07-03-2021 @ 09:25:58 - Row :2 - Parsing item.
07-03-2021 @ 09:25:58 - Importing as new order ID:2607420
07-03-2021 @ 09:25:58 - Row :2 - Processing item.
07-03-2021 @ 09:25:58 - Found order object. ID:2607420
07-03-2021 @ 09:25:58 - Row :2 - Order imported successfully.
07-03-2021 @ 09:25:58 - Row :3 - Parsing item.
07-03-2021 @ 09:25:58 - Importing as new order ID:2605348
07-03-2021 @ 09:25:58 - Row :3 - Processing item.
07-03-2021 @ 09:25:59 - Found order object. ID:2605348
07-03-2021 @ 09:25:59 - Row :3 - Order imported successfully.
07-03-2021 @ 09:25:59 - Row :4 - Parsing item.
07-03-2021 @ 09:25:59 - Importing as new order ID:2602188
07-03-2021 @ 09:25:59 - Row :4 - Processing item.
07-03-2021 @ 09:25:59 - Found order object. ID:2602188
07-03-2021 @ 09:25:59 - Row :4 - Order imported successfully.
07-03-2021 @ 09:25:59 - Row :5 - Parsing item.
07-03-2021 @ 09:25:59 - Importing as new order ID:2602121
07-03-2021 @ 09:25:59 - Row :5 - Processing item.
07-03-2021 @ 09:25:59 - Found order object. ID:2602121
07-03-2021 @ 09:26:00 - Row :5 - Order imported successfully.
07-03-2021 @ 09:26:00 - Row :6 - Parsing item.
07-03-2021 @ 09:26:00 - Importing as new order ID:2602117
07-03-2021 @ 09:26:00 - Row :6 - Processing item.
07-03-2021 @ 09:26:00 - Found order object. ID:2602117
07-03-2021 @ 09:26:00 - Row :6 - Order imported successfully.
07-03-2021 @ 09:26:00 - Row :7 - Parsing item.
07-03-2021 @ 09:26:00 - Importing as new order ID:2602028
07-03-2021 @ 09:26:00 - Row :7 - Processing item.
07-03-2021 @ 09:26:00 - Found order object. ID:2602028
07-03-2021 @ 09:26:00 - Row :7 - Order imported successfully.
07-03-2021 @ 09:26:00 - Row :8 - Parsing item.
07-03-2021 @ 09:26:00 - Row :8 - Parsing failed. Reason: Importing Order(ID) conflicts with an existing post. ID: 2599089
07-03-2021 @ 09:26:00 - Row :9 - Parsing item.
07-03-2021 @ 09:26:00 - Row :9 - Parsing failed. Reason: Importing Order(ID) conflicts with an existing post. ID: 2599084
07-03-2021 @ 09:26:00 - Row :10 - Parsing item.
07-03-2021 @ 09:26:00 - Row :10 - Parsing failed. Reason: Importing Order(ID) conflicts with an existing post. ID: 2599054
07-03-2021 @ 09:26:01 - Preparing for import.
07-03-2021 @ 09:26:01 - Row :11 - Parsing item.
07-03-2021 @ 09:26:01 - Row :11 - Parsing failed. Reason: Importing Order(ID) conflicts with an existing post. ID: 2599049
07-03-2021 @ 09:26:01 - Row :12 - Parsing item.
07-03-2021 @ 09:26:01 - Row :12 - Parsing failed. Reason: Importing Order(ID) conflicts with an existing post. ID: 2599041
07-03-2021 @ 09:26:01 - Row :13 - Parsing item.
07-03-2021 @ 09:26:01 - Row :13 - Parsing failed. Reason: Importing Order(ID) conflicts with an existing post. ID: 2599034
07-03-2021 @ 09:26:01 - Row :14 - Parsing item.
07-03-2021 @ 09:26:01 - Row :14 - Parsing failed. Reason: Importing Order(ID) conflicts with an existing post. ID: 2599027
07-03-2021 @ 09:26:01 - Row :15 - Parsing item.
07-03-2021 @ 09:26:01 - Row :15 - Parsing failed. Reason: Importing Order(ID) conflicts with an existing post. ID: 2599006
07-03-2021 @ 09:26:01 - Row :16 - Parsing item.
07-03-2021 @ 09:26:01 - Row :16 - Parsing failed. Reason: Importing Order(ID) conflicts with an existing post. ID: 2598832
07-03-2021 @ 09:26:01 - Row :17 - Parsing item.
07-03-2021 @ 09:26:01 - Row :17 - Parsing failed. Reason: Importing Order(ID) conflicts with an existing post. ID: 2598829
07-03-2021 @ 09:26:01 - Row :18 - Parsing item.
07-03-2021 @ 09:26:01 - Row :18 - Parsing failed. Reason: Importing Order(ID) conflicts with an existing post. ID: 2598818
07-03-2021 @ 09:26:01 - Row :19 - Parsing item.
07-03-2021 @ 09:26:01 - Row :19 - Parsing failed. Reason: Importing Order(ID) conflicts with an existing post. ID: 2598813
07-03-2021 @ 09:26:01 - Row :20 - Parsing item.
07-03-2021 @ 09:26:01 - Row :20 - Parsing failed. Reason: Importing Order(ID) conflicts with an existing post. ID: 2598780
07-03-2021 @ 09:26:01 - Preparing for import.
07-03-2021 @ 09:26:01 - Row :21 - Parsing item.
07-03-2021 @ 09:26:01 - Row :21 - Parsing failed. Reason: Importing Order(ID) conflicts with an existing post. ID: 2598742
07-03-2021 @ 09:26:01 - Row :22 - Parsing item.
07-03-2021 @ 09:26:01 - Row :22 - Parsing failed. Reason: Importing Order(ID) conflicts with an existing post. ID: 2598730
07-03-2021 @ 09:26:01 - Row :23 - Parsing item.
07-03-2021 @ 09:26:01 - Row :23 - Parsing failed. Reason: Importing Order(ID) conflicts with an existing post. ID: 2598035
07-03-2021 @ 09:26:01 - Row :24 - Parsing item.
07-03-2021 @ 09:26:01 - Row :24 - Parsing failed. Reason: Importing Order(ID) conflicts with an existing post. ID: 2597850
07-03-2021 @ 09:26:01 - Row :25 - Parsing item.
07-03-2021 @ 09:26:01 - Row :25 - Parsing failed. Reason: Importing Order(ID) conflicts with an existing post. ID: 2597339
07-03-2021 @ 09:26:01 - Row :26 - Parsing item.
07-03-2021 @ 09:26:01 - Row :26 - Parsing failed. Reason: Importing Order(ID) conflicts with an existing post. ID: 2596654
07-03-2021 @ 09:26:01 - Row :27 - Parsing item.
07-03-2021 @ 09:26:01 - Row :27 - Parsing failed. Reason: Importing Order(ID) conflicts with an existing post. ID: 2596550
07-03-2021 @ 09:26:01 - Row :28 - Parsing item.
07-03-2021 @ 09:26:01 - Row :28 - Parsing failed. Reason: Importing Order(ID) conflicts with an existing post. ID: 2596353
07-03-2021 @ 09:26:01 - Row :29 - Parsing item.
07-03-2021 @ 09:26:01 - Row :29 - Parsing failed. Reason: Importing Order(ID) conflicts with an existing post. ID: 2596255
07-03-2021 @ 09:26:01 - Row :30 - Parsing item.
07-03-2021 @ 09:26:01 - Row :30 - Parsing failed. Reason: Importing Order(ID) conflicts with an existing post. ID: 2596245
07-03-2021 @ 09:26:02 - Preparing for import.
07-03-2021 @ 09:26:02 - Row :31 - Parsing item.
07-03-2021 @ 09:26:02 - Row :31 - Parsing failed. Reason: Importing Order(ID) conflicts with an existing post. ID: 2596215
07-03-2021 @ 09:26:02 - Row :32 - Parsing item.
07-03-2021 @ 09:26:02 - Row :32 - Parsing failed. Reason: Importing Order(ID) conflicts with an existing post. ID: 2595606
07-03-2021 @ 09:26:02 - Row :33 - Parsing item.
07-03-2021 @ 09:26:02 - Row :33 - Parsing failed. Reason: Importing Order(ID) conflicts with an existing post. ID: 2595462
07-03-2021 @ 09:26:02 - Row :34 - Parsing item.
07-03-2021 @ 09:26:02 - Row :34 - Parsing failed. Reason: Importing Order(ID) conflicts with an existing post. ID: 2595459
07-03-2021 @ 09:26:02 - Row :35 - Parsing item.
07-03-2021 @ 09:26:02 - Row :35 - Parsing failed. Reason: Importing Order(ID) conflicts with an existing post. ID: 2595444
07-03-2021 @ 09:26:02 - Row :36 - Parsing item.
07-03-2021 @ 09:26:02 - Row :36 - Parsing failed. Reason: Importing Order(ID) conflicts with an existing post. ID: 2595436
07-03-2021 @ 09:26:02 - Row :37 - Parsing item.
07-03-2021 @ 09:26:02 - Importing as new order ID:1143953
07-03-2021 @ 09:26:02 - Row :37 - Processing item.
07-03-2021 @ 09:26:02 - Found order object. ID:1143953
07-03-2021 @ 09:26:02 - Row :37 - Order imported successfully.
07-03-2021 @ 09:26:02 - Row :38 - Parsing item.
07-03-2021 @ 09:26:02 - Importing as new order ID:856093
07-03-2021 @ 09:26:02 - Row :38 - Processing item.
07-03-2021 @ 09:26:02 - Found order object. ID:856093
07-03-2021 @ 09:26:03 - Row :38 - Order imported successfully.
07-03-2021 @ 09:26:03 - Row :39 - Parsing item.
07-03-2021 @ 09:26:03 - Importing as new order ID:642351
07-03-2021 @ 09:26:03 - Row :39 - Processing item.
07-03-2021 @ 09:26:03 - Found order object. ID:642351
07-03-2021 @ 09:26:03 - Row :39 - Order imported successfully.
07-03-2021 @ 09:26:03 - Row :40 - Parsing item.
07-03-2021 @ 09:26:03 - Importing as new order ID:614619
07-03-2021 @ 09:26:03 - Row :40 - Processing item.
07-03-2021 @ 09:26:03 - Found order object. ID:614619
07-03-2021 @ 09:26:03 - Row :40 - Order imported successfully.
07-03-2021 @ 09:26:04 - Preparing for import.
07-03-2021 @ 09:26:04 - Row :41 - Parsing item.
07-03-2021 @ 09:26:04 - Importing as new order ID:593137
07-03-2021 @ 09:26:04 - Row :41 - Processing item.
07-03-2021 @ 09:26:04 - Found order object. ID:593137
07-03-2021 @ 09:26:05 - Row :41 - Order imported successfully.
07-03-2021 @ 09:26:05 - Row :42 - Parsing item.
07-03-2021 @ 09:26:05 - Importing as new order ID:542177
07-03-2021 @ 09:26:05 - Row :42 - Processing item.
07-03-2021 @ 09:26:05 - Found order object. ID:542177
07-03-2021 @ 09:26:05 - Row :42 - Order imported successfully.
07-03-2021 @ 09:26:05 - Row :43 - Parsing item.
07-03-2021 @ 09:26:05 - Importing as new order ID:517468
07-03-2021 @ 09:26:05 - Row :43 - Processing item.
07-03-2021 @ 09:26:05 - Found order object. ID:517468
07-03-2021 @ 09:26:06 - Row :43 - Order imported successfully.
07-03-2021 @ 09:26:06 - Row :44 - Parsing item.
07-03-2021 @ 09:26:06 - Importing as new order ID:468680
07-03-2021 @ 09:26:06 - Row :44 - Processing item.
07-03-2021 @ 09:26:06 - Found order object. ID:468680
07-03-2021 @ 09:26:06 - Row :44 - Order imported successfully.
07-03-2021 @ 09:26:06 - Row :45 - Parsing item.
07-03-2021 @ 09:26:06 - Importing as new order ID:461004
07-03-2021 @ 09:26:06 - Row :45 - Processing item.
07-03-2021 @ 09:26:06 - Found order object. ID:461004
07-03-2021 @ 09:26:07 - Row :45 - Order imported successfully.
07-03-2021 @ 09:26:07 - Row :46 - Parsing item.
07-03-2021 @ 09:26:07 - Importing as new order ID:459739
07-03-2021 @ 09:26:07 - Row :46 - Processing item.
07-03-2021 @ 09:26:07 - Found order object. ID:459739
07-03-2021 @ 09:26:07 - Row :46 - Order imported successfully.
07-03-2021 @ 09:26:07 - Row :47 - Parsing item.
07-03-2021 @ 09:26:07 - Importing as new order ID:455021
07-03-2021 @ 09:26:07 - Row :47 - Processing item.
07-03-2021 @ 09:26:07 - Found order object. ID:455021
07-03-2021 @ 09:26:08 - Row :47 - Order imported successfully.
07-03-2021 @ 09:26:08 - Row :48 - Parsing item.
07-03-2021 @ 09:26:08 - Importing as new order ID:453788
07-03-2021 @ 09:26:08 - Row :48 - Processing item.
07-03-2021 @ 09:26:08 - Found order object. ID:453788
07-03-2021 @ 09:26:08 - Row :48 - Order imported successfully.
07-03-2021 @ 09:26:08 - Row :49 - Parsing item.
07-03-2021 @ 09:26:08 - Importing as new order ID:453787
07-03-2021 @ 09:26:08 - Row :49 - Processing item.
07-03-2021 @ 09:26:08 - Found order object. ID:453787
07-03-2021 @ 09:26:08 - Row :49 - Order imported successfully.
07-03-2021 @ 09:26:08 - Row :50 - Parsing item.
07-03-2021 @ 09:26:08 - Importing as new order ID:453786
07-03-2021 @ 09:26:08 - Row :50 - Processing item.
07-03-2021 @ 09:26:09 - Found order object. ID:453786
07-03-2021 @ 09:26:09 - Row :50 - Order imported successfully.
07-03-2021 @ 09:26:09 - Preparing for import.
07-03-2021 @ 09:26:09 - Row :51 - Parsing item.
07-03-2021 @ 09:26:09 - Importing as new order ID:453785
07-03-2021 @ 09:26:09 - Row :51 - Processing item.
07-03-2021 @ 09:26:09 - Found order object. ID:453785
07-03-2021 @ 09:26:10 - Row :51 - Order imported successfully.
07-03-2021 @ 09:26:10 - Row :52 - Parsing item.
07-03-2021 @ 09:26:10 - Importing as new order ID:453783
07-03-2021 @ 09:26:10 - Row :52 - Processing item.
07-03-2021 @ 09:26:10 - Found order object. ID:453783
07-03-2021 @ 09:26:10 - Row :52 - Order imported successfully.
07-03-2021 @ 09:26:10 - Row :53 - Parsing item.
07-03-2021 @ 09:26:10 - Importing as new order ID:453781
07-03-2021 @ 09:26:10 - Row :53 - Processing item.
07-03-2021 @ 09:26:10 - Found order object. ID:453781
07-03-2021 @ 09:26:10 - Row :53 - Order imported successfully.
07-03-2021 @ 09:26:10 - Row :54 - Parsing item.
07-03-2021 @ 09:26:10 - Importing as new order ID:453780
07-03-2021 @ 09:26:10 - Row :54 - Processing item.
07-03-2021 @ 09:26:10 - Found order object. ID:453780
07-03-2021 @ 09:26:11 - Row :54 - Order imported successfully.
07-03-2021 @ 09:26:11 - Row :55 - Parsing item.
07-03-2021 @ 09:26:11 - Importing as new order ID:453779
07-03-2021 @ 09:26:11 - Row :55 - Processing item.
07-03-2021 @ 09:26:11 - Found order object. ID:453779
07-03-2021 @ 09:26:11 - Row :55 - Order imported successfully.
07-03-2021 @ 09:26:11 - Row :56 - Parsing item.
07-03-2021 @ 09:26:11 - Importing as new order ID:453778
07-03-2021 @ 09:26:11 - Row :56 - Processing item.
07-03-2021 @ 09:26:11 - Found order object. ID:453778
07-03-2021 @ 09:26:11 - Row :56 - Order imported successfully.
07-03-2021 @ 09:26:11 - Row :57 - Parsing item.
07-03-2021 @ 09:26:11 - Importing as new order ID:453777
07-03-2021 @ 09:26:11 - Row :57 - Processing item.
07-03-2021 @ 09:26:12 - Found order object. ID:453777
07-03-2021 @ 09:26:12 - Row :57 - Order imported successfully.
07-03-2021 @ 09:26:12 - Row :58 - Parsing item.
07-03-2021 @ 09:26:12 - Importing as new order ID:453776
07-03-2021 @ 09:26:12 - Row :58 - Processing item.
07-03-2021 @ 09:26:12 - Found order object. ID:453776
07-03-2021 @ 09:26:12 - Row :58 - Order imported successfully.
07-03-2021 @ 09:26:12 - Row :59 - Parsing item.
07-03-2021 @ 09:26:12 - Importing as new order ID:453770
07-03-2021 @ 09:26:12 - Row :59 - Processing item.
07-03-2021 @ 09:26:12 - Found order object. ID:453770
07-03-2021 @ 09:26:13 - Row :59 - Order imported successfully.
07-03-2021 @ 09:26:13 - Row :60 - Parsing item.
07-03-2021 @ 09:26:13 - Importing as new order ID:453764
07-03-2021 @ 09:26:13 - Row :60 - Processing item.
07-03-2021 @ 09:26:13 - Found order object. ID:453764
07-03-2021 @ 09:26:13 - Row :60 - Order imported successfully.
07-03-2021 @ 09:26:13 - Preparing for import.
07-03-2021 @ 09:26:13 - Row :61 - Parsing item.
07-03-2021 @ 09:26:13 - Importing as new order ID:453760
07-03-2021 @ 09:26:13 - Row :61 - Processing item.
07-03-2021 @ 09:26:13 - Found order object. ID:453760
07-03-2021 @ 09:26:14 - Row :61 - Order imported successfully.
07-03-2021 @ 09:26:14 - Row :62 - Parsing item.
07-03-2021 @ 09:26:14 - Importing as new order ID:450980
07-03-2021 @ 09:26:14 - Row :62 - Processing item.
07-03-2021 @ 09:26:14 - Found order object. ID:450980
07-03-2021 @ 09:26:14 - Row :62 - Order imported successfully.
07-03-2021 @ 09:26:14 - Row :63 - Parsing item.
07-03-2021 @ 09:26:14 - Importing as new order ID:450743
07-03-2021 @ 09:26:14 - Row :63 - Processing item.
07-03-2021 @ 09:26:14 - Found order object. ID:450743
07-03-2021 @ 09:26:14 - Row :63 - Order imported successfully.
07-03-2021 @ 09:26:14 - Row :64 - Parsing item.
07-03-2021 @ 09:26:14 - Importing as new order ID:450401
07-03-2021 @ 09:26:14 - Row :64 - Processing item.
07-03-2021 @ 09:26:14 - Found order object. ID:450401
07-03-2021 @ 09:26:15 - Row :64 - Order imported successfully.
07-03-2021 @ 09:26:15 - Row :65 - Parsing item.
07-03-2021 @ 09:26:15 - Importing as new order ID:449757
07-03-2021 @ 09:26:15 - Row :65 - Processing item.
07-03-2021 @ 09:26:15 - Found order object. ID:449757
07-03-2021 @ 09:26:15 - Row :65 - Order imported successfully.
07-03-2021 @ 09:26:15 - Row :66 - Parsing item.
07-03-2021 @ 09:26:15 - Importing as new order ID:448368
07-03-2021 @ 09:26:15 - Row :66 - Processing item.
07-03-2021 @ 09:26:15 - Found order object. ID:448368
07-03-2021 @ 09:26:15 - Row :66 - Order imported successfully.
07-03-2021 @ 09:26:15 - Row :67 - Parsing item.
07-03-2021 @ 09:26:15 - Importing as new order ID:447237
07-03-2021 @ 09:26:15 - Row :67 - Processing item.
07-03-2021 @ 09:26:16 - Found order object. ID:447237
07-03-2021 @ 09:26:16 - Row :67 - Order imported successfully.
07-03-2021 @ 09:26:16 - Row :68 - Parsing item.
07-03-2021 @ 09:26:16 - Importing as new order ID:447227
07-03-2021 @ 09:26:16 - Row :68 - Processing item.
07-03-2021 @ 09:26:16 - Found order object. ID:447227
07-03-2021 @ 09:26:16 - Row :68 - Order imported successfully.
07-03-2021 @ 09:26:16 - Row :69 - Parsing item.
07-03-2021 @ 09:26:16 - Importing as new order ID:446007
07-03-2021 @ 09:26:16 - Row :69 - Processing item.
07-03-2021 @ 09:26:16 - Found order object. ID:446007
07-03-2021 @ 09:26:16 - Row :69 - Order imported successfully.
07-03-2021 @ 09:26:16 - Row :70 - Parsing item.
07-03-2021 @ 09:26:17 - Importing as new order ID:444234
07-03-2021 @ 09:26:17 - Row :70 - Processing item.
07-03-2021 @ 09:26:17 - Found order object. ID:444234
07-03-2021 @ 09:26:17 - Row :70 - Order imported successfully.
07-03-2021 @ 09:26:17 - Preparing for import.
07-03-2021 @ 09:26:17 - Row :71 - Parsing item.
07-03-2021 @ 09:26:17 - Importing as new order ID:444233
07-03-2021 @ 09:26:17 - Row :71 - Processing item.
07-03-2021 @ 09:26:17 - Found order object. ID:444233
07-03-2021 @ 09:26:18 - Row :71 - Order imported successfully.
07-03-2021 @ 09:26:18 - Row :72 - Parsing item.
07-03-2021 @ 09:26:18 - Importing as new order ID:444232
07-03-2021 @ 09:26:18 - Row :72 - Processing item.
07-03-2021 @ 09:26:18 - Found order object. ID:444232
07-03-2021 @ 09:26:18 - Row :72 - Order imported successfully.
07-03-2021 @ 09:26:18 - Row :73 - Parsing item.
07-03-2021 @ 09:26:18 - Importing as new order ID:444228
07-03-2021 @ 09:26:18 - Row :73 - Processing item.
07-03-2021 @ 09:26:18 - Found order object. ID:444228
07-03-2021 @ 09:26:18 - Row :73 - Order imported successfully.
07-03-2021 @ 09:26:18 - Row :74 - Parsing item.
07-03-2021 @ 09:26:18 - Importing as new order ID:444219
07-03-2021 @ 09:26:18 - Row :74 - Processing item.
07-03-2021 @ 09:26:18 - Found order object. ID:444219
07-03-2021 @ 09:26:19 - Row :74 - Order imported successfully.
07-03-2021 @ 09:26:19 - Row :75 - Parsing item.
07-03-2021 @ 09:26:19 - Importing as new order ID:444202
07-03-2021 @ 09:26:19 - Row :75 - Processing item.
07-03-2021 @ 09:26:19 - Found order object. ID:444202
07-03-2021 @ 09:26:19 - Row :75 - Order imported successfully.
07-03-2021 @ 09:26:19 - Row :76 - Parsing item.
07-03-2021 @ 09:26:19 - Importing as new order ID:444190
07-03-2021 @ 09:26:19 - Row :76 - Processing item.
07-03-2021 @ 09:26:19 - Found order object. ID:444190
07-03-2021 @ 09:26:19 - Row :76 - Order imported successfully.
07-03-2021 @ 09:26:19 - Row :77 - Parsing item.
07-03-2021 @ 09:26:19 - Importing as new order ID:444063
07-03-2021 @ 09:26:19 - Row :77 - Processing item.
07-03-2021 @ 09:26:20 - Found order object. ID:444063
07-03-2021 @ 09:26:20 - Row :77 - Order imported successfully.
07-03-2021 @ 09:26:20 - Row :78 - Parsing item.
07-03-2021 @ 09:26:20 - Importing as new order ID:443635
07-03-2021 @ 09:26:20 - Row :78 - Processing item.
07-03-2021 @ 09:26:20 - Found order object. ID:443635
07-03-2021 @ 09:26:20 - Row :78 - Order imported successfully.
07-03-2021 @ 09:26:20 - Row :79 - Parsing item.
07-03-2021 @ 09:26:20 - Importing as new order ID:443494
07-03-2021 @ 09:26:20 - Row :79 - Processing item.
07-03-2021 @ 09:26:20 - Found order object. ID:443494
07-03-2021 @ 09:26:21 - Row :79 - Order imported successfully.
07-03-2021 @ 09:26:21 - Row :80 - Parsing item.
07-03-2021 @ 09:26:21 - Importing as new order ID:442350
07-03-2021 @ 09:26:21 - Row :80 - Processing item.
07-03-2021 @ 09:26:21 - Found order object. ID:442350
07-03-2021 @ 09:26:21 - Row :80 - Order imported successfully.
07-03-2021 @ 09:26:21 - Preparing for import.
07-03-2021 @ 09:26:21 - Row :81 - Parsing item.
07-03-2021 @ 09:26:22 - Importing as new order ID:442316
07-03-2021 @ 09:26:22 - Row :81 - Processing item.
07-03-2021 @ 09:26:22 - Found order object. ID:442316
07-03-2021 @ 09:26:22 - Row :81 - Order imported successfully.
07-03-2021 @ 09:26:22 - Row :82 - Parsing item.
07-03-2021 @ 09:26:22 - Importing as new order ID:419596
07-03-2021 @ 09:26:22 - Row :82 - Processing item.
07-03-2021 @ 09:26:22 - Found order object. ID:419596
07-03-2021 @ 09:26:22 - Row :82 - Order imported successfully.
07-03-2021 @ 09:26:22 - Row :83 - Parsing item.
07-03-2021 @ 09:26:22 - Importing as new order ID:418752
07-03-2021 @ 09:26:22 - Row :83 - Processing item.
07-03-2021 @ 09:26:22 - Found order object. ID:418752
07-03-2021 @ 09:26:22 - Row :83 - Order imported successfully.
07-03-2021 @ 09:26:22 - Row :84 - Parsing item.
07-03-2021 @ 09:26:22 - Importing as new order ID:418741
07-03-2021 @ 09:26:22 - Row :84 - Processing item.
07-03-2021 @ 09:26:23 - Found order object. ID:418741
07-03-2021 @ 09:26:23 - Row :84 - Order imported successfully.
07-03-2021 @ 09:26:23 - Row :85 - Parsing item.
07-03-2021 @ 09:26:23 - Importing as new order ID:418732
07-03-2021 @ 09:26:23 - Row :85 - Processing item.
07-03-2021 @ 09:26:23 - Found order object. ID:418732
07-03-2021 @ 09:26:23 - Row :85 - Order imported successfully.
07-03-2021 @ 09:26:23 - Row :86 - Parsing item.
07-03-2021 @ 09:26:23 - Importing as new order ID:418722
07-03-2021 @ 09:26:23 - Row :86 - Processing item.
07-03-2021 @ 09:26:23 - Found order object. ID:418722
07-03-2021 @ 09:26:23 - Row :86 - Order imported successfully.
07-03-2021 @ 09:26:23 - Row :87 - Parsing item.
07-03-2021 @ 09:26:23 - Importing as new order ID:418713
07-03-2021 @ 09:26:23 - Row :87 - Processing item.
07-03-2021 @ 09:26:23 - Found order object. ID:418713
07-03-2021 @ 09:26:24 - Row :87 - Order imported successfully.
07-03-2021 @ 09:26:24 - Row :88 - Parsing item.
07-03-2021 @ 09:26:24 - Importing as new order ID:418697
07-03-2021 @ 09:26:24 - Row :88 - Processing item.
07-03-2021 @ 09:26:24 - Found order object. ID:418697
07-03-2021 @ 09:26:24 - Row :88 - Order imported successfully.
07-03-2021 @ 09:26:24 - Row :89 - Parsing item.
07-03-2021 @ 09:26:24 - Importing as new order ID:418614
07-03-2021 @ 09:26:24 - Row :89 - Processing item.
07-03-2021 @ 09:26:24 - Found order object. ID:418614
07-03-2021 @ 09:26:24 - Row :89 - Order imported successfully.
07-03-2021 @ 09:26:24 - Row :90 - Parsing item.
07-03-2021 @ 09:26:24 - Importing as new order ID:418605
07-03-2021 @ 09:26:24 - Row :90 - Processing item.
07-03-2021 @ 09:26:24 - Found order object. ID:418605
07-03-2021 @ 09:26:25 - Row :90 - Order imported successfully.
07-03-2021 @ 09:26:25 - Preparing for import.
07-03-2021 @ 09:26:25 - Row :91 - Parsing item.
07-03-2021 @ 09:26:25 - Importing as new order ID:418587
07-03-2021 @ 09:26:25 - Row :91 - Processing item.
07-03-2021 @ 09:26:25 - Found order object. ID:418587
07-03-2021 @ 09:26:25 - Row :91 - Order imported successfully.
07-03-2021 @ 09:26:25 - Row :92 - Parsing item.
07-03-2021 @ 09:26:25 - Importing as new order ID:418578
07-03-2021 @ 09:26:25 - Row :92 - Processing item.
07-03-2021 @ 09:26:25 - Found order object. ID:418578
07-03-2021 @ 09:26:26 - Row :92 - Order imported successfully.
07-03-2021 @ 09:26:26 - Row :93 - Parsing item.
07-03-2021 @ 09:26:26 - Importing as new order ID:418549
07-03-2021 @ 09:26:26 - Row :93 - Processing item.
07-03-2021 @ 09:26:26 - Found order object. ID:418549
07-03-2021 @ 09:26:26 - Row :93 - Order imported successfully.
07-03-2021 @ 09:26:26 - Row :94 - Parsing item.
07-03-2021 @ 09:26:26 - Importing as new order ID:418539
07-03-2021 @ 09:26:26 - Row :94 - Processing item.
07-03-2021 @ 09:26:26 - Found order object. ID:418539
07-03-2021 @ 09:26:26 - Row :94 - Order imported successfully.
07-03-2021 @ 09:26:26 - Row :95 - Parsing item.
07-03-2021 @ 09:26:26 - Importing as new order ID:418530
07-03-2021 @ 09:26:26 - Row :95 - Processing item.
07-03-2021 @ 09:26:26 - Found order object. ID:418530
07-03-2021 @ 09:26:27 - Row :95 - Order imported successfully.
07-03-2021 @ 09:26:27 - Row :96 - Parsing item.
07-03-2021 @ 09:26:27 - Importing as new order ID:418521
07-03-2021 @ 09:26:27 - Row :96 - Processing item.
07-03-2021 @ 09:26:27 - Found order object. ID:418521
07-03-2021 @ 09:26:27 - Row :96 - Order imported successfully.
07-03-2021 @ 09:26:27 - Row :97 - Parsing item.
07-03-2021 @ 09:26:27 - Importing as new order ID:418510
07-03-2021 @ 09:26:27 - Row :97 - Processing item.
07-03-2021 @ 09:26:27 - Found order object. ID:418510
07-03-2021 @ 09:26:27 - Row :97 - Order imported successfully.
07-03-2021 @ 09:26:27 - Row :98 - Parsing item.
07-03-2021 @ 09:26:27 - Importing as new order ID:418501
07-03-2021 @ 09:26:27 - Row :98 - Processing item.
07-03-2021 @ 09:26:27 - Found order object. ID:418501
07-03-2021 @ 09:26:28 - Row :98 - Order imported successfully.
07-03-2021 @ 09:26:28 - Row :99 - Parsing item.
07-03-2021 @ 09:26:28 - Importing as new order ID:418484
07-03-2021 @ 09:26:28 - Row :99 - Processing item.
07-03-2021 @ 09:26:28 - Found order object. ID:418484
07-03-2021 @ 09:26:28 - Row :99 - Order imported successfully.
07-03-2021 @ 09:26:28 - Row :100 - Parsing item.
07-03-2021 @ 09:26:28 - Importing as new order ID:418475
07-03-2021 @ 09:26:28 - Row :100 - Processing item.
07-03-2021 @ 09:26:28 - Found order object. ID:418475
07-03-2021 @ 09:26:28 - Row :100 - Order imported successfully.
07-03-2021 @ 09:26:29 - Preparing for import.
07-03-2021 @ 09:26:29 - Row :101 - Parsing item.
07-03-2021 @ 09:26:29 - Importing as new order ID:325352
07-03-2021 @ 09:26:29 - Row :101 - Processing item.
07-03-2021 @ 09:26:29 - Found order object. ID:325352
07-03-2021 @ 09:26:29 - Row :101 - Order imported successfully.
07-03-2021 @ 09:26:29 - Row :102 - Parsing item.
07-03-2021 @ 09:26:29 - Importing as new order ID:325348
07-03-2021 @ 09:26:29 - Row :102 - Processing item.
07-03-2021 @ 09:26:29 - Found order object. ID:325348
07-03-2021 @ 09:26:30 - Row :102 - Order imported successfully.
07-03-2021 @ 09:26:30 - Row :103 - Parsing item.
07-03-2021 @ 09:26:30 - Importing as new order ID:325344
07-03-2021 @ 09:26:30 - Row :103 - Processing item.
07-03-2021 @ 09:26:30 - Found order object. ID:325344
07-03-2021 @ 09:26:30 - Row :103 - Order imported successfully.
07-03-2021 @ 09:26:30 - Row :104 - Parsing item.
07-03-2021 @ 09:26:30 - Importing as new order ID:325340
07-03-2021 @ 09:26:30 - Row :104 - Processing item.
07-03-2021 @ 09:26:30 - Found order object. ID:325340
07-03-2021 @ 09:26:30 - Row :104 - Order imported successfully.
07-03-2021 @ 09:26:30 - Row :105 - Parsing item.
07-03-2021 @ 09:26:30 - Importing as new order ID:325336
07-03-2021 @ 09:26:30 - Row :105 - Processing item.
07-03-2021 @ 09:26:30 - Found order object. ID:325336
07-03-2021 @ 09:26:31 - Row :105 - Order imported successfully.
07-03-2021 @ 09:26:31 - Row :106 - Parsing item.
07-03-2021 @ 09:26:31 - Importing as new order ID:325332
07-03-2021 @ 09:26:31 - Row :106 - Processing item.
07-03-2021 @ 09:26:31 - Found order object. ID:325332
07-03-2021 @ 09:26:31 - Row :106 - Order imported successfully.
07-03-2021 @ 09:26:31 - Row :107 - Parsing item.
07-03-2021 @ 09:26:31 - Importing as new order ID:325328
07-03-2021 @ 09:26:31 - Row :107 - Processing item.
07-03-2021 @ 09:26:31 - Found order object. ID:325328
07-03-2021 @ 09:26:31 - Row :107 - Order imported successfully.
07-03-2021 @ 09:26:31 - Row :108 - Parsing item.
07-03-2021 @ 09:26:31 - Importing as new order ID:325324
07-03-2021 @ 09:26:31 - Row :108 - Processing item.
07-03-2021 @ 09:26:31 - Found order object. ID:325324
07-03-2021 @ 09:26:32 - Row :108 - Order imported successfully.
07-03-2021 @ 09:26:32 - Row :109 - Parsing item.
07-03-2021 @ 09:26:32 - Importing as new order ID:325320
07-03-2021 @ 09:26:32 - Row :109 - Processing item.
07-03-2021 @ 09:26:32 - Found order object. ID:325320
07-03-2021 @ 09:26:32 - Row :109 - Order imported successfully.
07-03-2021 @ 09:26:32 - Row :110 - Parsing item.
07-03-2021 @ 09:26:32 - Importing as new order ID:325316
07-03-2021 @ 09:26:32 - Row :110 - Processing item.
07-03-2021 @ 09:26:32 - Found order object. ID:325316
07-03-2021 @ 09:26:33 - Row :110 - Order imported successfully.
07-03-2021 @ 09:26:33 - Preparing for import.
07-03-2021 @ 09:26:33 - Row :111 - Parsing item.
07-03-2021 @ 09:26:33 - Importing as new order ID:325312
07-03-2021 @ 09:26:33 - Row :111 - Processing item.
07-03-2021 @ 09:26:33 - Found order object. ID:325312
07-03-2021 @ 09:26:33 - Row :111 - Order imported successfully.
07-03-2021 @ 09:26:33 - Row :112 - Parsing item.
07-03-2021 @ 09:26:33 - Importing as new order ID:325304
07-03-2021 @ 09:26:33 - Row :112 - Processing item.
07-03-2021 @ 09:26:34 - Found order object. ID:325304
07-03-2021 @ 09:26:34 - Row :112 - Order imported successfully.
07-03-2021 @ 09:26:34 - Row :113 - Parsing item.
07-03-2021 @ 09:26:34 - Importing as new order ID:325300
07-03-2021 @ 09:26:34 - Row :113 - Processing item.
07-03-2021 @ 09:26:34 - Found order object. ID:325300
07-03-2021 @ 09:26:34 - Row :113 - Order imported successfully.
07-03-2021 @ 09:26:34 - Row :114 - Parsing item.
07-03-2021 @ 09:26:34 - Importing as new order ID:325296
07-03-2021 @ 09:26:34 - Row :114 - Processing item.
07-03-2021 @ 09:26:34 - Found order object. ID:325296
07-03-2021 @ 09:26:34 - Row :114 - Order imported successfully.
07-03-2021 @ 09:26:34 - Row :115 - Parsing item.
07-03-2021 @ 09:26:34 - Importing as new order ID:325271
07-03-2021 @ 09:26:34 - Row :115 - Processing item.
07-03-2021 @ 09:26:34 - Found order object. ID:325271
07-03-2021 @ 09:26:35 - Row :115 - Order imported successfully.
07-03-2021 @ 09:26:35 - Row :116 - Parsing item.
07-03-2021 @ 09:26:35 - Importing as new order ID:325267
07-03-2021 @ 09:26:35 - Row :116 - Processing item.
07-03-2021 @ 09:26:35 - Found order object. ID:325267
07-03-2021 @ 09:26:35 - Row :116 - Order imported successfully.
07-03-2021 @ 09:26:35 - Row :117 - Parsing item.
07-03-2021 @ 09:26:35 - Importing as new order ID:325259
07-03-2021 @ 09:26:35 - Row :117 - Processing item.
07-03-2021 @ 09:26:35 - Found order object. ID:325259
07-03-2021 @ 09:26:35 - Row :117 - Order imported successfully.
07-03-2021 @ 09:26:35 - Row :118 - Parsing item.
07-03-2021 @ 09:26:35 - Importing as new order ID:307493
07-03-2021 @ 09:26:35 - Row :118 - Processing item.
07-03-2021 @ 09:26:35 - Found order object. ID:307493
07-03-2021 @ 09:26:36 - Row :118 - Order imported successfully.
07-03-2021 @ 09:26:36 - ---[ Import ended at 2021-07-03 13:26:36]---
